Unity Editor version:    2020.3.39f1 (fd6670bb8be9)
Branch:                  2020.3/staging
Build type:              Release
Batch mode:              YES
macOS version:           Version 11.7 (Build 20G817)
Darwin version:          20.6.0
Architecture:            x86_64
Running under Rosetta:   NO
Available memory:        16384 MB
Using pre-set license
Pro License: NO

COMMAND LINE ARGUMENTS:
/Applications/Unity/Hub/Editor/2020.3.39f1/Unity.app/Contents/MacOS/Unity
-adb2
-batchMode
-noUpm
-name
AssetImportWorker0
-projectPath
/Users/xyd/Desktop/Uni Courses/CSCI 3691 - Intermediate Project/clt-accessibility-week-game-fall-2022
-logFile
Logs/AssetImportWorker0.log
-srvPort
55905
Successfully changed project path to: /Users/xyd/Desktop/Uni Courses/CSCI 3691 - Intermediate Project/clt-accessibility-week-game-fall-2022
/Users/xyd/Desktop/Uni Courses/CSCI 3691 - Intermediate Project/clt-accessibility-week-game-fall-2022
Using Asset Import Pipeline V2.
Refreshing native plugins compatible for Editor in 94.43 ms, found 3 plugins.
Preloading 0 native plugins for Editor in 0.00 ms.
Initialize engine version: 2020.3.39f1 (fd6670bb8be9)
[Subsystems] Discovering subsystems at path /Applications/Unity/Hub/Editor/2020.3.39f1/Unity.app/Contents/Resources/UnitySubsystems
[Subsystems] Discovering subsystems at path /Users/xyd/Desktop/Uni Courses/CSCI 3691 - Intermediate Project/clt-accessibility-week-game-fall-2022/Assets
GfxDevice: creating device client; threaded=0
2023-04-11 10:41:06.576 Unity[13260:690373] Color LCD preferred device: NVIDIA GeForce GT 750M (high power)
2023-04-11 10:41:06.577 Unity[13260:690373] Metal devices available: 2
2023-04-11 10:41:06.577 Unity[13260:690373] 0: NVIDIA GeForce GT 750M (high power)
2023-04-11 10:41:06.577 Unity[13260:690373] 1: Intel Iris Pro Graphics (low power)
2023-04-11 10:41:06.577 Unity[13260:690373] Using device NVIDIA GeForce GT 750M (high power)
Initializing Metal device caps: NVIDIA GeForce GT 750M
Initialize mono
Mono path[0] = '/Applications/Unity/Hub/Editor/2020.3.39f1/Unity.app/Contents/Managed'
Mono path[1] = '/Applications/Unity/Hub/Editor/2020.3.39f1/Unity.app/Contents/MonoBleedingEdge/lib/mono/unityjit'
Mono config path = '/Applications/Unity/Hub/Editor/2020.3.39f1/Unity.app/Contents/MonoBleedingEdge/etc'
Using monoOptions --debugger-agent=transport=dt_socket,embedding=1,server=y,suspend=n,address=127.0.0.1:56260
Begin MonoManager ReloadAssembly
Registering precompiled unity dll's ...
Register platform support module: /Applications/Unity/Hub/Editor/2020.3.39f1/Unity.app/Contents/PlaybackEngines/MacStandaloneSupport/UnityEditor.OSXStandalone.Extensions.dll
Registered in 0.003711 seconds.
Native extension for OSXStandalone target not found
Refreshing native plugins compatible for Editor in 79.16 ms, found 3 plugins.
Preloading 0 native plugins for Editor in 0.00 ms.
Mono: successfully reloaded assembly
- Completed reload, in  1.015 seconds
Domain Reload Profiling:
	ReloadAssembly (1016ms)
		BeginReloadAssembly (140ms)
			ExecutionOrderSort (0ms)
			DisableScriptedObjects (0ms)
			BackupInstance (0ms)
			ReleaseScriptingObjects (0ms)
			CreateAndSetChildDomain (1ms)
		EndReloadAssembly (746ms)
			LoadAssemblies (142ms)
			RebuildTransferFunctionScriptingTraits (0ms)
			SetupTypeCache (272ms)
			ReleaseScriptCaches (0ms)
			RebuildScriptCaches (54ms)
			SetupLoadedEditorAssemblies (293ms)
				LogAssemblyErrors (0ms)
				InitializePlatformSupportModulesInManaged (8ms)
				SetLoadedEditorAssemblies (0ms)
				RefreshPlugins (79ms)
				BeforeProcessingInitializeOnLoad (11ms)
				ProcessInitializeOnLoadAttributes (150ms)
				ProcessInitializeOnLoadMethodAttributes (45ms)
				AfterProcessingInitializeOnLoad (0ms)
				EditorAssembliesLoaded (0ms)
			ExecutionOrderSort2 (0ms)
			AwakeInstancesAfterBackupRestoration (0ms)
Platform modules already initialized, skipping
Registering precompiled user dll's ...
Registered in 0.005374 seconds.
Begin MonoManager ReloadAssembly
Native extension for OSXStandalone target not found
Refreshing native plugins compatible for Editor in 75.36 ms, found 3 plugins.
Preloading 0 native plugins for Editor in 0.00 ms.
Mono: successfully reloaded assembly
- Completed reload, in  1.851 seconds
Domain Reload Profiling:
	ReloadAssembly (1853ms)
		BeginReloadAssembly (226ms)
			ExecutionOrderSort (0ms)
			DisableScriptedObjects (7ms)
			BackupInstance (0ms)
			ReleaseScriptingObjects (0ms)
			CreateAndSetChildDomain (46ms)
		EndReloadAssembly (1536ms)
			LoadAssemblies (174ms)
			RebuildTransferFunctionScriptingTraits (0ms)
			SetupTypeCache (548ms)
			ReleaseScriptCaches (1ms)
			RebuildScriptCaches (95ms)
			SetupLoadedEditorAssemblies (543ms)
				LogAssemblyErrors (0ms)
				InitializePlatformSupportModulesInManaged (5ms)
				SetLoadedEditorAssemblies (0ms)
				RefreshPlugins (75ms)
				BeforeProcessingInitializeOnLoad (88ms)
				ProcessInitializeOnLoadAttributes (336ms)
				ProcessInitializeOnLoadMethodAttributes (36ms)
				AfterProcessingInitializeOnLoad (2ms)
				EditorAssembliesLoaded (0ms)
			ExecutionOrderSort2 (0ms)
			AwakeInstancesAfterBackupRestoration (3ms)
Platform modules already initialized, skipping
Validating Project structure ... 0.059955 seconds.
Shader import version has changed; will reimport all shaders...
Upgrading shader files ...0.050092 seconds.
Application.AssetDatabase Initial Script Refresh Start
RefreshInfo: InitialScriptRefreshV2(NoUpdateAssetOptions) scanfilter:  ... 1 filters
RefreshProfiler: Total: 0.000ms
Application.AssetDatabase Initial Script Refresh End
Application.AssetDatabase.Refresh Start
Application.AssetDatabase.Refresh End
RefreshInfo: StopAssetImportingV2(ForceSynchronousImport) scanfilter: 
RefreshProfiler: Total: 0.000ms
Launching external process: /Applications/Unity/Hub/Editor/2020.3.39f1/Unity.app/Contents/Tools/UnityShaderCompiler
Launched and connected shader compiler UnityShaderCompiler after 0.02 seconds
Initializing Unity extensions:
========================================================================
Worker process is ready to serve import requests
Refreshing native plugins compatible for Editor in 0.78 ms, found 3 plugins.
Preloading 0 native plugins for Editor in 0.00 ms.
Unloading 2622 Unused Serialized files (Serialized files now loaded: 0)
System memory in use before: 236.8 MB.
System memory in use after: 236.0 MB.

Unloading 231 unused Assets to reduce memory usage. Loaded Objects now: 3088.
Total: 6.907983 ms (FindLiveObjects: 0.496491 ms CreateObjectMapping: 0.255167 ms MarkObjects: 5.111279 ms  DeleteObjects: 1.043743 ms)

AssetImportParameters requested are different than current active one (requested -> active):
  custom:video-decoder-ogg-theora: a1e56fd34408186e4bbccfd4996cb3dc -> 
  custom:container-muxer-webm: aa71ff27fc2769a1b78a27578f13a17b -> 
  custom:container-demuxer-webm: 4f35f7cbe854078d1ac9338744f61a02 -> 
  custom:container-demuxer-ogg: 62fdf1f143b41e24485cea50d1cbac27 -> 
  custom:video-encoder-webm-vp8: eb34c28f22e8b96e1ab97ce403110664 -> 
  custom:framework-osx-AVFoundation: e770b220cccbd017edd2c1fefb359320 -> 
  custom:video-decoder-webm-vp8: 9c59270c3fd7afecdb556c50c9e8de78 -> 
  custom:audio-decoder-ogg-vorbis: bf7c407c2cedff20999df2af8eb42d56 -> 
  custom:audio-encoder-webm-vorbis: bf7c407c2cedff20999df2af8eb42d56 -> 
========================================================================
Received Import Request.
  path: Assets/Ink/Editor/Tools/File Icons/Resources/InkWarningIcon.psd
  artifactKey: Guid(efc1324f6160840a9a4c26231cc2d304) Importer(815301076,1909f56bfc062723c751e8b465ee728b)
Start importing Assets/Ink/Editor/Tools/File Icons/Resources/InkWarningIcon.psd using Guid(efc1324f6160840a9a4c26231cc2d304) Importer(815301076,1909f56bfc062723c751e8b465ee728b)  -> (artifact id: '8deb8e2dd4357d74d261e9d5d9f0c9b8') in 1.298070 seconds 
========================================================================
Received Import Request.
  Time since last request: 0.000348 seconds.
  path: Assets/Ink/Editor/Tools/File Icons/Resources/InkCompileManualIcon.psd
  artifactKey: Guid(1e91fdbfb2b154a18b675257bc4d43d9) Importer(815301076,1909f56bfc062723c751e8b465ee728b)
Start importing Assets/Ink/Editor/Tools/File Icons/Resources/InkCompileManualIcon.psd using Guid(1e91fdbfb2b154a18b675257bc4d43d9) Importer(815301076,1909f56bfc062723c751e8b465ee728b)  -> (artifact id: '68a60a688cc081322f8d228bd754f817') in 0.014041 seconds 
========================================================================
Received Import Request.
  Time since last request: 0.000340 seconds.
  path: Assets/Ink/Editor/Tools/File Icons/Resources/InkFileIcon-Large.psd
  artifactKey: Guid(957c8ea47888d42349ae208cffe69c4b) Importer(815301076,1909f56bfc062723c751e8b465ee728b)
Start importing Assets/Ink/Editor/Tools/File Icons/Resources/InkFileIcon-Large.psd using Guid(957c8ea47888d42349ae208cffe69c4b) Importer(815301076,1909f56bfc062723c751e8b465ee728b)  -> (artifact id: 'd87cb35c0484f4108f3ca1765cc6060b') in 0.013126 seconds 
========================================================================
Received Import Request.
  Time since last request: 0.000265 seconds.
  path: Assets/Imported/NavMeshPlush8man/Gizmos/NavMeshLink Icon.png
  artifactKey: Guid(92f4afa3e25264f5b964937ccea49ff2) Importer(815301076,1909f56bfc062723c751e8b465ee728b)
Start importing Assets/Imported/NavMeshPlush8man/Gizmos/NavMeshLink Icon.png using Guid(92f4afa3e25264f5b964937ccea49ff2) Importer(815301076,1909f56bfc062723c751e8b465ee728b)  -> (artifact id: 'ffef3e5e55a19ed48eb1d879bc53d690') in 1.129705 seconds 
========================================================================
Received Import Request.
  Time since last request: 0.000395 seconds.
  path: Assets/Ink/Editor/InkEditor.asmdef
  artifactKey: Guid(2047ab7874eb449d78c2b459017aa506) Importer(815301076,1909f56bfc062723c751e8b465ee728b)
Start importing Assets/Ink/Editor/InkEditor.asmdef using Guid(2047ab7874eb449d78c2b459017aa506) Importer(815301076,1909f56bfc062723c751e8b465ee728b)  -> (artifact id: '10aface46e244896ca153b0e5ca495e1') in 1.299395 seconds 
========================================================================
Received Import Request.
  Time since last request: 0.000402 seconds.
  path: Assets/Ink/Editor/Tools/File Icons/Resources/InkChildIcon.psd
  artifactKey: Guid(53256257fd17e4dfda5f08016551019e) Importer(815301076,1909f56bfc062723c751e8b465ee728b)
Start importing Assets/Ink/Editor/Tools/File Icons/Resources/InkChildIcon.psd using Guid(53256257fd17e4dfda5f08016551019e) Importer(815301076,1909f56bfc062723c751e8b465ee728b)  -> (artifact id: '40d41fc7954adf33534223d9a9c13617') in 0.012260 seconds 
========================================================================
Received Import Request.
  Time since last request: 0.000235 seconds.
  path: Assets/Ink/Editor/Tools/Startup Window/Resources/InkLogoIcon.png
  artifactKey: Guid(09746d3311e36764faa38d0e982f6a2d) Importer(815301076,1909f56bfc062723c751e8b465ee728b)
Start importing Assets/Ink/Editor/Tools/Startup Window/Resources/InkLogoIcon.png using Guid(09746d3311e36764faa38d0e982f6a2d) Importer(815301076,1909f56bfc062723c751e8b465ee728b)  -> (artifact id: '51e51bcc3e6cd0388da7c7388ebb6f07') in 0.011621 seconds 
========================================================================
Received Import Request.
  Time since last request: 0.000237 seconds.
  path: Assets/Ink/Editor/Tools/File Icons/Resources/InkChildIcon-Large.psd
  artifactKey: Guid(f4e541342c07c476094e04dc118fed7b) Importer(815301076,1909f56bfc062723c751e8b465ee728b)
Start importing Assets/Ink/Editor/Tools/File Icons/Resources/InkChildIcon-Large.psd using Guid(f4e541342c07c476094e04dc118fed7b) Importer(815301076,1909f56bfc062723c751e8b465ee728b)  -> (artifact id: '466ce88fae35f8ee9528777a5792674f') in 0.010979 seconds 
========================================================================
Received Import Request.
  Time since last request: 0.000235 seconds.
  path: Assets/Ink/Editor/Tools/File Icons/Resources/InkFileIcon-retina.psd
  artifactKey: Guid(bd3c497264be941e3a935055a433bbb9) Importer(815301076,1909f56bfc062723c751e8b465ee728b)
Start importing Assets/Ink/Editor/Tools/File Icons/Resources/InkFileIcon-retina.psd using Guid(bd3c497264be941e3a935055a433bbb9) Importer(815301076,1909f56bfc062723c751e8b465ee728b)  -> (artifact id: '6322098abf5d3460a5445b4441f68d12') in 0.012492 seconds 
========================================================================
Received Import Request.
  Time since last request: 0.000313 seconds.
  path: Assets/Ink/Editor/Tools/File Icons/Resources/InkErrorIcon.psd
  artifactKey: Guid(ab12885a47a21456596113fc9233946c) Importer(815301076,1909f56bfc062723c751e8b465ee728b)
Start importing Assets/Ink/Editor/Tools/File Icons/Resources/InkErrorIcon.psd using Guid(ab12885a47a21456596113fc9233946c) Importer(815301076,1909f56bfc062723c751e8b465ee728b)  -> (artifact id: 'b038ca288c97cb15170a715557eed90b') in 0.013628 seconds 
========================================================================
Received Import Request.
  Time since last request: 0.002459 seconds.
  path: Assets/Ink/InkLibs/Ink-Libraries.asmdef
  artifactKey: Guid(58bed0e7c5306824586d7eda03609289) Importer(815301076,1909f56bfc062723c751e8b465ee728b)
Start importing Assets/Ink/InkLibs/Ink-Libraries.asmdef using Guid(58bed0e7c5306824586d7eda03609289) Importer(815301076,1909f56bfc062723c751e8b465ee728b)  -> (artifact id: '10daae8cb7b188518674d4bee6220ae6') in 0.006272 seconds 
========================================================================
Received Import Request.
  Time since last request: 0.000425 seconds.
  path: Assets/Ink/Editor/Tools/File Icons/Resources/InkTodoIcon.psd
  artifactKey: Guid(73b0b2e787c654227845ff231c5eab5d) Importer(815301076,1909f56bfc062723c751e8b465ee728b)
Start importing Assets/Ink/Editor/Tools/File Icons/Resources/InkTodoIcon.psd using Guid(73b0b2e787c654227845ff231c5eab5d) Importer(815301076,1909f56bfc062723c751e8b465ee728b)  -> (artifact id: '4dd12b1e4fcfb6655c959f5121abbdd9') in 0.013450 seconds 
========================================================================
Received Import Request.
  Time since last request: 0.000302 seconds.
  path: Assets/Ink/Editor/Tools/File Icons/Resources/InkFileIcon.psd
  artifactKey: Guid(8e6b218461abe4192baeeabfbe7a9ced) Importer(815301076,1909f56bfc062723c751e8b465ee728b)
Start importing Assets/Ink/Editor/Tools/File Icons/Resources/InkFileIcon.psd using Guid(8e6b218461abe4192baeeabfbe7a9ced) Importer(815301076,1909f56bfc062723c751e8b465ee728b)  -> (artifact id: 'cfd68e4ca772d78ca107319c1353acdb') in 0.011552 seconds 
========================================================================
Received Import Request.
  Time since last request: 0.000294 seconds.
  path: Assets/Ink/Editor/Tools/File Icons/Resources/InkUnknownFileIcon.psd
  artifactKey: Guid(b26518ba7d72a4fd3bc42599f621c839) Importer(815301076,1909f56bfc062723c751e8b465ee728b)
Start importing Assets/Ink/Editor/Tools/File Icons/Resources/InkUnknownFileIcon.psd using Guid(b26518ba7d72a4fd3bc42599f621c839) Importer(815301076,1909f56bfc062723c751e8b465ee728b)  -> (artifact id: '560840167cd0fa0d487c3c34110bb9a3') in 0.010159 seconds 
========================================================================
Received Import Request.
  Time since last request: 63.437612 seconds.
  path: Packages/com.unity.2d.animation/Editor/Assets/SkinningModule/CopyToolbar.uxml
  artifactKey: Guid(acacbd024ec26594a9a9eacba50475d1) Importer(815301076,1909f56bfc062723c751e8b465ee728b)
Start importing Packages/com.unity.2d.animation/Editor/Assets/SkinningModule/CopyToolbar.uxml using Guid(acacbd024ec26594a9a9eacba50475d1) Importer(815301076,1909f56bfc062723c751e8b465ee728b)  -> (artifact id: 'd99e010fef616f7900f5238b8d902994') in 0.398099 seconds 
========================================================================
Received Import Request.
  Time since last request: 0.000288 seconds.
  path: Packages/com.unity.2d.animation/Editor/Assets/SkinningModule/VisibilityToolWindow.uxml
  artifactKey: Guid(7c5cb5d0bb89666419fa44a3e64ed366) Importer(815301076,1909f56bfc062723c751e8b465ee728b)
Start importing Packages/com.unity.2d.animation/Editor/Assets/SkinningModule/VisibilityToolWindow.uxml using Guid(7c5cb5d0bb89666419fa44a3e64ed366) Importer(815301076,1909f56bfc062723c751e8b465ee728b)  -> (artifact id: '3f96560b6de8b1dc688788b9e321ab0d') in 0.005946 seconds 
========================================================================
Received Import Request.
  Time since last request: 0.000234 seconds.
  path: Packages/com.unity.collab-proxy/Editor/PlasticSCM/Assets/Images/d_secondarytabclosehover@2x.png
  artifactKey: Guid(9aa4348290784b2468144a97eb15d8d7) Importer(815301076,1909f56bfc062723c751e8b465ee728b)
Start importing Packages/com.unity.collab-proxy/Editor/PlasticSCM/Assets/Images/d_secondarytabclosehover@2x.png using Guid(9aa4348290784b2468144a97eb15d8d7) Importer(815301076,1909f56bfc062723c751e8b465ee728b)  -> (artifact id: '679cfba436126c30f09b8d53b6015d43') in 0.048577 seconds 
========================================================================
Received Import Request.
  Time since last request: 0.000258 seconds.
  path: Packages/com.unity.collab-proxy/Editor/Collaborate/Assets/Layouts/HistoryTabPageView.uxml
  artifactKey: Guid(fdeda3b2ca86b6542a303cbe4f00c3c4) Importer(815301076,1909f56bfc062723c751e8b465ee728b)
Start importing Packages/com.unity.collab-proxy/Editor/Collaborate/Assets/Layouts/HistoryTabPageView.uxml using Guid(fdeda3b2ca86b6542a303cbe4f00c3c4) Importer(815301076,1909f56bfc062723c751e8b465ee728b)  -> (artifact id: 'd848f51c750f863f8b42f1e501fb71fa') in 0.007339 seconds 
========================================================================
Received Import Request.
  Time since last request: 0.000382 seconds.
  path: Packages/com.unity.2d.animation/Editor/Assets/SkinningModule/CopyToolbarStyle.uss
  artifactKey: Guid(520f059907bcb564dae9203e0969eb59) Importer(815301076,1909f56bfc062723c751e8b465ee728b)
Start importing Packages/com.unity.2d.animation/Editor/Assets/SkinningModule/CopyToolbarStyle.uss using Guid(520f059907bcb564dae9203e0969eb59) Importer(815301076,1909f56bfc062723c751e8b465ee728b)  -> (artifact id: '83247df35b694de3afaee722eaf0c0a5') in 0.207558 seconds 
========================================================================
Received Import Request.
  Time since last request: 0.000316 seconds.
  path: Packages/com.unity.collab-proxy/Editor/PlasticSCM/Assets/Images/secondarytabclose.png
  artifactKey: Guid(03cefa94d5aa9d74993fb2138af9d607) Importer(815301076,1909f56bfc062723c751e8b465ee728b)
Start importing Packages/com.unity.collab-proxy/Editor/PlasticSCM/Assets/Images/secondarytabclose.png using Guid(03cefa94d5aa9d74993fb2138af9d607) Importer(815301076,1909f56bfc062723c751e8b465ee728b)  -> (artifact id: '3d8dba8ee2c950bbfd8f326958d3a139') in 0.016317 seconds 
========================================================================
Received Import Request.
  Time since last request: 0.000311 seconds.
  path: Packages/com.unity.collab-proxy/Editor/PlasticSCM/Assets/Images/d_secondarytabclose.png
  artifactKey: Guid(6975ee4c1f40caf4da8dd733ee2cfeaf) Importer(815301076,1909f56bfc062723c751e8b465ee728b)
Start importing Packages/com.unity.collab-proxy/Editor/PlasticSCM/Assets/Images/d_secondarytabclose.png using Guid(6975ee4c1f40caf4da8dd733ee2cfeaf) Importer(815301076,1909f56bfc062723c751e8b465ee728b)  -> (artifact id: '262ae09301f9c6d03e0d38dc6683b844') in 0.022211 seconds 
========================================================================
Received Import Request.
  Time since last request: 0.000236 seconds.
  path: Packages/com.unity.2d.animation/Editor/Assets/SkinningModule/VisibilityTool.uss
  artifactKey: Guid(3cb521b5cc4956f4a9018b9e357aa680) Importer(815301076,1909f56bfc062723c751e8b465ee728b)
Start importing Packages/com.unity.2d.animation/Editor/Assets/SkinningModule/VisibilityTool.uss using Guid(3cb521b5cc4956f4a9018b9e357aa680) Importer(815301076,1909f56bfc062723c751e8b465ee728b)  -> (artifact id: '9ce0f4e2ab50e8fcd1b4848ec59441e7') in 0.012060 seconds 
========================================================================
Received Import Request.
  Time since last request: 0.000460 seconds.
  path: Packages/com.unity.2d.animation/Editor/Assets/SkinningModule/VisibilityToolbar.uxml
  artifactKey: Guid(2cea33b1d0032174c8833d64fbf31529) Importer(815301076,1909f56bfc062723c751e8b465ee728b)
Start importing Packages/com.unity.2d.animation/Editor/Assets/SkinningModule/VisibilityToolbar.uxml using Guid(2cea33b1d0032174c8833d64fbf31529) Importer(815301076,1909f56bfc062723c751e8b465ee728b)  -> (artifact id: '9587009defa8bedc5151db2598988e1d') in 0.003411 seconds 
========================================================================
Received Import Request.
  Time since last request: 0.000228 seconds.
  path: Packages/com.unity.collab-proxy/Editor/PlasticSCM/Assets/Images/d_secondarytabclosehover.png
  artifactKey: Guid(6a9d211bea1bc4a429d86cbb2d0b0a3e) Importer(815301076,1909f56bfc062723c751e8b465ee728b)
Start importing Packages/com.unity.collab-proxy/Editor/PlasticSCM/Assets/Images/d_secondarytabclosehover.png using Guid(6a9d211bea1bc4a429d86cbb2d0b0a3e) Importer(815301076,1909f56bfc062723c751e8b465ee728b)  -> (artifact id: 'b4490df1a55a8119ca696a08b0146427') in 0.016115 seconds 
========================================================================
Received Import Request.
  Time since last request: 0.000326 seconds.
  path: Packages/com.unity.collab-proxy/Editor/PlasticSCM/Assets/Images/secondarytabclosehover.png
  artifactKey: Guid(8fac55fff4ce5fa40a7b2efefc0e617a) Importer(815301076,1909f56bfc062723c751e8b465ee728b)
Start importing Packages/com.unity.collab-proxy/Editor/PlasticSCM/Assets/Images/secondarytabclosehover.png using Guid(8fac55fff4ce5fa40a7b2efefc0e617a) Importer(815301076,1909f56bfc062723c751e8b465ee728b)  -> (artifact id: '3456ffc7b6ac52662f55710f250e4996') in 0.015144 seconds 
========================================================================
Received Import Request.
  Time since last request: 12.560341 seconds.
  path: Assets/UAP/Examples/Match 3 Game Example/Textures/SoundOFF.png
  artifactKey: Guid(c2eba11b8bb795c46a8a502adb243f5e) Importer(815301076,1909f56bfc062723c751e8b465ee728b)
Start importing Assets/UAP/Examples/Match 3 Game Example/Textures/SoundOFF.png using Guid(c2eba11b8bb795c46a8a502adb243f5e) Importer(815301076,1909f56bfc062723c751e8b465ee728b)  -> (artifact id: 'b6375f2efdb8e54289d97f7335d57f16') in 0.018808 seconds 
========================================================================
Received Import Request.
  Time since last request: 0.000298 seconds.
  path: Assets/UAP/Examples/Match 3 Game Example/Textures/SoundON.png
  artifactKey: Guid(0f67681fac49ce14da1a6e2568e254ff) Importer(815301076,1909f56bfc062723c751e8b465ee728b)
Start importing Assets/UAP/Examples/Match 3 Game Example/Textures/SoundON.png using Guid(0f67681fac49ce14da1a6e2568e254ff) Importer(815301076,1909f56bfc062723c751e8b465ee728b)  -> (artifact id: '106208637e5780c249d6a892b5676b62') in 0.020224 seconds 
========================================================================
Received Import Request.
  Time since last request: 49.708913 seconds.
  path: Assets/Assets/Backgrounds/SubstanceUse
  artifactKey: Guid(847010c34cc6af44f8b0e01e78164446) Importer(815301076,1909f56bfc062723c751e8b465ee728b)
Start importing Assets/Assets/Backgrounds/SubstanceUse using Guid(847010c34cc6af44f8b0e01e78164446) Importer(815301076,1909f56bfc062723c751e8b465ee728b)  -> (artifact id: '72aa140847d96bdb1aeaf8f60b70975b') in 0.001272 seconds 
========================================================================
Received Import Request.
  Time since last request: 0.086528 seconds.
  path: Assets/Assets/Backgrounds/SubstanceUse/bedroom_idea.jpg
  artifactKey: Guid(0d3aebe24a125d5498cabbf3bf29cd3d) Importer(815301076,1909f56bfc062723c751e8b465ee728b)
Start importing Assets/Assets/Backgrounds/SubstanceUse/bedroom_idea.jpg using Guid(0d3aebe24a125d5498cabbf3bf29cd3d) Importer(815301076,1909f56bfc062723c751e8b465ee728b)  -> (artifact id: '23407542eb5bb111f30cf1d71337d3a1') in 1.180402 seconds 
========================================================================
Received Import Request.
  Time since last request: 0.000294 seconds.
  path: Assets/Assets/Backgrounds/SubstanceUse/hallway school.jpg
  artifactKey: Guid(309433e344b68364fa1ece5f89002ca9) Importer(815301076,1909f56bfc062723c751e8b465ee728b)
Start importing Assets/Assets/Backgrounds/SubstanceUse/hallway school.jpg using Guid(309433e344b68364fa1ece5f89002ca9) Importer(815301076,1909f56bfc062723c751e8b465ee728b)  -> (artifact id: '0a94ca3f577ff37bdc1dcf05ba1b766c') in 0.025859 seconds 
========================================================================
Received Import Request.
  Time since last request: 0.000281 seconds.
  path: Assets/Assets/Backgrounds/SubstanceUse/classroomImg.png
  artifactKey: Guid(1e32fdc46a3a2a542bc8e3dd87f99730) Importer(815301076,1909f56bfc062723c751e8b465ee728b)
Start importing Assets/Assets/Backgrounds/SubstanceUse/classroomImg.png using Guid(1e32fdc46a3a2a542bc8e3dd87f99730) Importer(815301076,1909f56bfc062723c751e8b465ee728b)  -> (artifact id: '0cd636b07a8572cfc678e00121bbf806') in 0.027469 seconds 
========================================================================
Received Import Request.
  Time since last request: 0.000250 seconds.
  path: Assets/Assets/Backgrounds/SubstanceUse/office idea.jpg
  artifactKey: Guid(3cbc28b76edfd7545a034c46ade43882) Importer(815301076,1909f56bfc062723c751e8b465ee728b)
Start importing Assets/Assets/Backgrounds/SubstanceUse/office idea.jpg using Guid(3cbc28b76edfd7545a034c46ade43882) Importer(815301076,1909f56bfc062723c751e8b465ee728b)  -> (artifact id: '5dcf09c56087cb5431fb82a4636140fa') in 0.041419 seconds 
========================================================================
Received Import Request.
  Time since last request: 0.000281 seconds.
  path: Assets/Assets/Backgrounds/SubstanceUse/hospital image.jpg
  artifactKey: Guid(b55e4795e431ee042af9f8514e922d65) Importer(815301076,1909f56bfc062723c751e8b465ee728b)
Start importing Assets/Assets/Backgrounds/SubstanceUse/hospital image.jpg using Guid(b55e4795e431ee042af9f8514e922d65) Importer(815301076,1909f56bfc062723c751e8b465ee728b)  -> (artifact id: 'bc04b94fa2067ece440f477501fdfdde') in 0.025500 seconds 
========================================================================
Received Prepare
Registering precompiled user dll's ...
Registered in 0.002480 seconds.
Begin MonoManager ReloadAssembly
Native extension for OSXStandalone target not found
Refreshing native plugins compatible for Editor in 0.84 ms, found 3 plugins.
Preloading 0 native plugins for Editor in 0.00 ms.
Mono: successfully reloaded assembly
- Completed reload, in  1.763 seconds
Domain Reload Profiling:
	ReloadAssembly (1764ms)
		BeginReloadAssembly (227ms)
			ExecutionOrderSort (0ms)
			DisableScriptedObjects (8ms)
			BackupInstance (0ms)
			ReleaseScriptingObjects (0ms)
			CreateAndSetChildDomain (91ms)
		EndReloadAssembly (1441ms)
			LoadAssemblies (208ms)
			RebuildTransferFunctionScriptingTraits (0ms)
			SetupTypeCache (519ms)
			ReleaseScriptCaches (2ms)
			RebuildScriptCaches (80ms)
			SetupLoadedEditorAssemblies (500ms)
				LogAssemblyErrors (0ms)
				InitializePlatformSupportModulesInManaged (6ms)
				SetLoadedEditorAssemblies (1ms)
				RefreshPlugins (1ms)
				BeforeProcessingInitializeOnLoad (142ms)
				ProcessInitializeOnLoadAttributes (321ms)
				ProcessInitializeOnLoadMethodAttributes (28ms)
				AfterProcessingInitializeOnLoad (2ms)
				EditorAssembliesLoaded (0ms)
			ExecutionOrderSort2 (0ms)
			AwakeInstancesAfterBackupRestoration (8ms)
Platform modules already initialized, skipping
Refreshing native plugins compatible for Editor in 0.95 ms, found 3 plugins.
Preloading 0 native plugins for Editor in 0.00 ms.
Unloading 2593 Unused Serialized files (Serialized files now loaded: 0)
System memory in use before: 259.9 MB.
System memory in use after: 260.1 MB.

Unloading 27 unused Assets to reduce memory usage. Loaded Objects now: 3112.
Total: 4.245220 ms (FindLiveObjects: 0.225150 ms CreateObjectMapping: 0.110503 ms MarkObjects: 3.879221 ms  DeleteObjects: 0.029038 ms)

AssetImportParameters requested are different than current active one (requested -> active):
  custom:video-decoder-ogg-theora: a1e56fd34408186e4bbccfd4996cb3dc -> 
  custom:container-muxer-webm: aa71ff27fc2769a1b78a27578f13a17b -> 
  custom:container-demuxer-webm: 4f35f7cbe854078d1ac9338744f61a02 -> 
  custom:container-demuxer-ogg: 62fdf1f143b41e24485cea50d1cbac27 -> 
  custom:video-encoder-webm-vp8: eb34c28f22e8b96e1ab97ce403110664 -> 
  custom:framework-osx-AVFoundation: e770b220cccbd017edd2c1fefb359320 -> 
  custom:video-decoder-webm-vp8: 9c59270c3fd7afecdb556c50c9e8de78 -> 
  custom:audio-decoder-ogg-vorbis: bf7c407c2cedff20999df2af8eb42d56 -> 
  custom:audio-encoder-webm-vorbis: bf7c407c2cedff20999df2af8eb42d56 -> 
========================================================================
Received Import Request.
  Time since last request: 1050.625396 seconds.
  path: Assets/Assets/Characters/Chronic Pain/Marsha/Annoyed Marsha.png
  artifactKey: Guid(b1378648983bb4a3a9a57cff4eb19cec) Importer(815301076,1909f56bfc062723c751e8b465ee728b)
Start importing Assets/Assets/Characters/Chronic Pain/Marsha/Annoyed Marsha.png using Guid(b1378648983bb4a3a9a57cff4eb19cec) Importer(815301076,1909f56bfc062723c751e8b465ee728b)  -> (artifact id: 'd621ceeaba42ed557f8ded0883276603') in 0.270513 seconds 
========================================================================
Received Import Request.
  Time since last request: 4.809693 seconds.
  path: Assets/Scenes/Story2-Substance_Abuse.unity
  artifactKey: Guid(9c79e3d32d6c2964b876ab068a3b2098) Importer(815301076,1909f56bfc062723c751e8b465ee728b)
Start importing Assets/Scenes/Story2-Substance_Abuse.unity using Guid(9c79e3d32d6c2964b876ab068a3b2098) Importer(815301076,1909f56bfc062723c751e8b465ee728b)  -> (artifact id: '2f26cc9b9747533006eaa806704f2771') in 0.002243 seconds 
========================================================================
Received Prepare
Registering precompiled user dll's ...
Registered in 0.002222 seconds.
Begin MonoManager ReloadAssembly
Native extension for OSXStandalone target not found
Refreshing native plugins compatible for Editor in 0.83 ms, found 3 plugins.
Preloading 0 native plugins for Editor in 0.00 ms.
Mono: successfully reloaded assembly
- Completed reload, in  2.012 seconds
Domain Reload Profiling:
	ReloadAssembly (2012ms)
		BeginReloadAssembly (378ms)
			ExecutionOrderSort (0ms)
			DisableScriptedObjects (12ms)
			BackupInstance (0ms)
			ReleaseScriptingObjects (0ms)
			CreateAndSetChildDomain (155ms)
		EndReloadAssembly (1527ms)
			LoadAssemblies (301ms)
			RebuildTransferFunctionScriptingTraits (0ms)
			SetupTypeCache (544ms)
			ReleaseScriptCaches (2ms)
			RebuildScriptCaches (84ms)
			SetupLoadedEditorAssemblies (552ms)
				LogAssemblyErrors (0ms)
				InitializePlatformSupportModulesInManaged (5ms)
				SetLoadedEditorAssemblies (1ms)
				RefreshPlugins (1ms)
				BeforeProcessingInitializeOnLoad (190ms)
				ProcessInitializeOnLoadAttributes (326ms)
				ProcessInitializeOnLoadMethodAttributes (28ms)
				AfterProcessingInitializeOnLoad (2ms)
				EditorAssembliesLoaded (0ms)
			ExecutionOrderSort2 (0ms)
			AwakeInstancesAfterBackupRestoration (6ms)
Platform modules already initialized, skipping
Refreshing native plugins compatible for Editor in 0.82 ms, found 3 plugins.
Preloading 0 native plugins for Editor in 0.00 ms.
Unloading 2593 Unused Serialized files (Serialized files now loaded: 0)
System memory in use before: 260.5 MB.
System memory in use after: 260.7 MB.

Unloading 26 unused Assets to reduce memory usage. Loaded Objects now: 3118.
Total: 4.078364 ms (FindLiveObjects: 0.269005 ms CreateObjectMapping: 0.125291 ms MarkObjects: 3.648388 ms  DeleteObjects: 0.034774 ms)

AssetImportParameters requested are different than current active one (requested -> active):
  custom:video-decoder-ogg-theora: a1e56fd34408186e4bbccfd4996cb3dc -> 
  custom:container-muxer-webm: aa71ff27fc2769a1b78a27578f13a17b -> 
  custom:container-demuxer-webm: 4f35f7cbe854078d1ac9338744f61a02 -> 
  custom:container-demuxer-ogg: 62fdf1f143b41e24485cea50d1cbac27 -> 
  custom:video-encoder-webm-vp8: eb34c28f22e8b96e1ab97ce403110664 -> 
  custom:framework-osx-AVFoundation: e770b220cccbd017edd2c1fefb359320 -> 
  custom:video-decoder-webm-vp8: 9c59270c3fd7afecdb556c50c9e8de78 -> 
  custom:audio-decoder-ogg-vorbis: bf7c407c2cedff20999df2af8eb42d56 -> 
  custom:audio-encoder-webm-vorbis: bf7c407c2cedff20999df2af8eb42d56 -> 
========================================================================
Received Import Request.
  Time since last request: 319.871768 seconds.
  path: Assets/Scenes/Story1-ADHD.unity
  artifactKey: Guid(16905b976b15b7c41846e03fe5d063f5) Importer(815301076,1909f56bfc062723c751e8b465ee728b)
Start importing Assets/Scenes/Story1-ADHD.unity using Guid(16905b976b15b7c41846e03fe5d063f5) Importer(815301076,1909f56bfc062723c751e8b465ee728b)  -> (artifact id: 'e23d61737728e3dab1ee31e7efcda639') in 0.007613 seconds 
========================================================================
Received Import Request.
  Time since last request: 3.826291 seconds.
  path: Assets/Scenes/Story4-Chronic_Pain.unity
  artifactKey: Guid(d4a5d4475a4fb40c9b4fd237d6f81cf5) Importer(815301076,1909f56bfc062723c751e8b465ee728b)
Start importing Assets/Scenes/Story4-Chronic_Pain.unity using Guid(d4a5d4475a4fb40c9b4fd237d6f81cf5) Importer(815301076,1909f56bfc062723c751e8b465ee728b)  -> (artifact id: '7336dfaec3f261f715bc3cb0bee259e9') in 0.002315 seconds 
========================================================================
Received Prepare
Registering precompiled user dll's ...
Registered in 0.001969 seconds.
Begin MonoManager ReloadAssembly
Native extension for OSXStandalone target not found
Refreshing native plugins compatible for Editor in 0.82 ms, found 3 plugins.
Preloading 0 native plugins for Editor in 0.00 ms.
Mono: successfully reloaded assembly
- Completed reload, in  1.681 seconds
Domain Reload Profiling:
	ReloadAssembly (1682ms)
		BeginReloadAssembly (176ms)
			ExecutionOrderSort (0ms)
			DisableScriptedObjects (9ms)
			BackupInstance (0ms)
			ReleaseScriptingObjects (0ms)
			CreateAndSetChildDomain (97ms)
		EndReloadAssembly (1410ms)
			LoadAssemblies (141ms)
			RebuildTransferFunctionScriptingTraits (0ms)
			SetupTypeCache (524ms)
			ReleaseScriptCaches (2ms)
			RebuildScriptCaches (78ms)
			SetupLoadedEditorAssemblies (492ms)
				LogAssemblyErrors (0ms)
				InitializePlatformSupportModulesInManaged (6ms)
				SetLoadedEditorAssemblies (1ms)
				RefreshPlugins (1ms)
				BeforeProcessingInitializeOnLoad (153ms)
				ProcessInitializeOnLoadAttributes (307ms)
				ProcessInitializeOnLoadMethodAttributes (22ms)
				AfterProcessingInitializeOnLoad (2ms)
				EditorAssembliesLoaded (0ms)
			ExecutionOrderSort2 (0ms)
			AwakeInstancesAfterBackupRestoration (6ms)
Platform modules already initialized, skipping
Refreshing native plugins compatible for Editor in 0.99 ms, found 3 plugins.
Preloading 0 native plugins for Editor in 0.00 ms.
Unloading 2593 Unused Serialized files (Serialized files now loaded: 0)
System memory in use before: 260.8 MB.
System memory in use after: 261.0 MB.

Unloading 26 unused Assets to reduce memory usage. Loaded Objects now: 3121.
Total: 4.870542 ms (FindLiveObjects: 0.326947 ms CreateObjectMapping: 0.287985 ms MarkObjects: 4.218175 ms  DeleteObjects: 0.036608 ms)

AssetImportParameters requested are different than current active one (requested -> active):
  custom:video-decoder-ogg-theora: a1e56fd34408186e4bbccfd4996cb3dc -> 
  custom:container-muxer-webm: aa71ff27fc2769a1b78a27578f13a17b -> 
  custom:container-demuxer-webm: 4f35f7cbe854078d1ac9338744f61a02 -> 
  custom:container-demuxer-ogg: 62fdf1f143b41e24485cea50d1cbac27 -> 
  custom:video-encoder-webm-vp8: eb34c28f22e8b96e1ab97ce403110664 -> 
  custom:framework-osx-AVFoundation: e770b220cccbd017edd2c1fefb359320 -> 
  custom:video-decoder-webm-vp8: 9c59270c3fd7afecdb556c50c9e8de78 -> 
  custom:audio-decoder-ogg-vorbis: bf7c407c2cedff20999df2af8eb42d56 -> 
  custom:audio-encoder-webm-vorbis: bf7c407c2cedff20999df2af8eb42d56 -> 
========================================================================
Received Import Request.
  Time since last request: 187.059662 seconds.
  path: Assets/Imported/NavMeshPlush8man/Gizmos/NavMeshModifierVolume Icon.png
  artifactKey: Guid(cc7b9475dbddf4f9088d327d6e10ab77) Importer(815301076,1909f56bfc062723c751e8b465ee728b)
Start importing Assets/Imported/NavMeshPlush8man/Gizmos/NavMeshModifierVolume Icon.png using Guid(cc7b9475dbddf4f9088d327d6e10ab77) Importer(815301076,1909f56bfc062723c751e8b465ee728b)  -> (artifact id: '477abe9dbd25f4cc99a7aae6d0de35b9') in 0.124792 seconds 
========================================================================
Received Import Request.
  Time since last request: 0.000301 seconds.
  path: Assets/UAP/Editor/img/UAP_Icon.png
  artifactKey: Guid(9ad27a74c6842a048b268a1cc32bcbbd) Importer(815301076,1909f56bfc062723c751e8b465ee728b)
Start importing Assets/UAP/Editor/img/UAP_Icon.png using Guid(9ad27a74c6842a048b268a1cc32bcbbd) Importer(815301076,1909f56bfc062723c751e8b465ee728b)  -> (artifact id: 'bf83163e883a341b8676d55f1e4b4ed6') in 0.033136 seconds 
========================================================================
Received Import Request.
  Time since last request: 0.000280 seconds.
  path: Assets/Imported/NavMeshPlush8man/Gizmos/NavMeshSurface2d Icon.png
  artifactKey: Guid(871b885cd68224f4787ae765e0da9571) Importer(815301076,1909f56bfc062723c751e8b465ee728b)
Start importing Assets/Imported/NavMeshPlush8man/Gizmos/NavMeshSurface2d Icon.png using Guid(871b885cd68224f4787ae765e0da9571) Importer(815301076,1909f56bfc062723c751e8b465ee728b)  -> (artifact id: 'ba823685d2fc4c78f878fd8c282228e1') in 0.012532 seconds 
========================================================================
Received Import Request.
  Time since last request: 0.000238 seconds.
  path: Assets/Imported/NavMeshPlush8man/Gizmos/NavMeshSurface Icon.png
  artifactKey: Guid(e4f97225bcfb64760a1c81f460837f01) Importer(815301076,1909f56bfc062723c751e8b465ee728b)
Start importing Assets/Imported/NavMeshPlush8man/Gizmos/NavMeshSurface Icon.png using Guid(e4f97225bcfb64760a1c81f460837f01) Importer(815301076,1909f56bfc062723c751e8b465ee728b)  -> (artifact id: 'b8dad8befa5a7a6617d33982fd218bb8') in 0.010414 seconds 
========================================================================
Received Prepare
Registering precompiled user dll's ...
Registered in 0.002200 seconds.
Begin MonoManager ReloadAssembly
Native extension for OSXStandalone target not found
Refreshing native plugins compatible for Editor in 0.82 ms, found 3 plugins.
Preloading 0 native plugins for Editor in 0.00 ms.
Mono: successfully reloaded assembly
- Completed reload, in  1.693 seconds
Domain Reload Profiling:
	ReloadAssembly (1694ms)
		BeginReloadAssembly (247ms)
			ExecutionOrderSort (0ms)
			DisableScriptedObjects (9ms)
			BackupInstance (0ms)
			ReleaseScriptingObjects (0ms)
			CreateAndSetChildDomain (92ms)
		EndReloadAssembly (1360ms)
			LoadAssemblies (236ms)
			RebuildTransferFunctionScriptingTraits (0ms)
			SetupTypeCache (495ms)
			ReleaseScriptCaches (2ms)
			RebuildScriptCaches (78ms)
			SetupLoadedEditorAssemblies (470ms)
				LogAssemblyErrors (0ms)
				InitializePlatformSupportModulesInManaged (5ms)
				SetLoadedEditorAssemblies (1ms)
				RefreshPlugins (1ms)
				BeforeProcessingInitializeOnLoad (134ms)
				ProcessInitializeOnLoadAttributes (300ms)
				ProcessInitializeOnLoadMethodAttributes (27ms)
				AfterProcessingInitializeOnLoad (2ms)
				EditorAssembliesLoaded (0ms)
			ExecutionOrderSort2 (0ms)
			AwakeInstancesAfterBackupRestoration (6ms)
Platform modules already initialized, skipping
Refreshing native plugins compatible for Editor in 0.88 ms, found 3 plugins.
Preloading 0 native plugins for Editor in 0.00 ms.
Unloading 2593 Unused Serialized files (Serialized files now loaded: 0)
System memory in use before: 261.0 MB.
System memory in use after: 261.3 MB.

Unloading 26 unused Assets to reduce memory usage. Loaded Objects now: 3127.
Total: 4.271975 ms (FindLiveObjects: 0.389114 ms CreateObjectMapping: 0.118528 ms MarkObjects: 3.732922 ms  DeleteObjects: 0.030452 ms)

AssetImportParameters requested are different than current active one (requested -> active):
  custom:video-decoder-ogg-theora: a1e56fd34408186e4bbccfd4996cb3dc -> 
  custom:container-muxer-webm: aa71ff27fc2769a1b78a27578f13a17b -> 
  custom:container-demuxer-webm: 4f35f7cbe854078d1ac9338744f61a02 -> 
  custom:container-demuxer-ogg: 62fdf1f143b41e24485cea50d1cbac27 -> 
  custom:video-encoder-webm-vp8: eb34c28f22e8b96e1ab97ce403110664 -> 
  custom:framework-osx-AVFoundation: e770b220cccbd017edd2c1fefb359320 -> 
  custom:video-decoder-webm-vp8: 9c59270c3fd7afecdb556c50c9e8de78 -> 
  custom:audio-decoder-ogg-vorbis: bf7c407c2cedff20999df2af8eb42d56 -> 
  custom:audio-encoder-webm-vorbis: bf7c407c2cedff20999df2af8eb42d56 -> 
========================================================================
Received Prepare
Registering precompiled user dll's ...
Registered in 0.002040 seconds.
Begin MonoManager ReloadAssembly
Native extension for OSXStandalone target not found
Refreshing native plugins compatible for Editor in 1.15 ms, found 3 plugins.
Preloading 0 native plugins for Editor in 0.00 ms.
Mono: successfully reloaded assembly
- Completed reload, in  1.701 seconds
Domain Reload Profiling:
	ReloadAssembly (1702ms)
		BeginReloadAssembly (162ms)
			ExecutionOrderSort (0ms)
			DisableScriptedObjects (8ms)
			BackupInstance (0ms)
			ReleaseScriptingObjects (0ms)
			CreateAndSetChildDomain (87ms)
		EndReloadAssembly (1447ms)
			LoadAssemblies (98ms)
			RebuildTransferFunctionScriptingTraits (0ms)
			SetupTypeCache (548ms)
			ReleaseScriptCaches (2ms)
			RebuildScriptCaches (90ms)
			SetupLoadedEditorAssemblies (523ms)
				LogAssemblyErrors (0ms)
				InitializePlatformSupportModulesInManaged (7ms)
				SetLoadedEditorAssemblies (1ms)
				RefreshPlugins (1ms)
				BeforeProcessingInitializeOnLoad (161ms)
				ProcessInitializeOnLoadAttributes (327ms)
				ProcessInitializeOnLoadMethodAttributes (25ms)
				AfterProcessingInitializeOnLoad (2ms)
				EditorAssembliesLoaded (0ms)
			ExecutionOrderSort2 (0ms)
			AwakeInstancesAfterBackupRestoration (6ms)
Platform modules already initialized, skipping
Refreshing native plugins compatible for Editor in 0.86 ms, found 3 plugins.
Preloading 0 native plugins for Editor in 0.00 ms.
Unloading 2593 Unused Serialized files (Serialized files now loaded: 0)
System memory in use before: 261.3 MB.
System memory in use after: 261.5 MB.

Unloading 26 unused Assets to reduce memory usage. Loaded Objects now: 3130.
Total: 4.855652 ms (FindLiveObjects: 0.322564 ms CreateObjectMapping: 0.237735 ms MarkObjects: 4.261389 ms  DeleteObjects: 0.032595 ms)

AssetImportParameters requested are different than current active one (requested -> active):
  custom:video-decoder-ogg-theora: a1e56fd34408186e4bbccfd4996cb3dc -> 
  custom:container-muxer-webm: aa71ff27fc2769a1b78a27578f13a17b -> 
  custom:container-demuxer-webm: 4f35f7cbe854078d1ac9338744f61a02 -> 
  custom:container-demuxer-ogg: 62fdf1f143b41e24485cea50d1cbac27 -> 
  custom:video-encoder-webm-vp8: eb34c28f22e8b96e1ab97ce403110664 -> 
  custom:framework-osx-AVFoundation: e770b220cccbd017edd2c1fefb359320 -> 
  custom:video-decoder-webm-vp8: 9c59270c3fd7afecdb556c50c9e8de78 -> 
  custom:audio-decoder-ogg-vorbis: bf7c407c2cedff20999df2af8eb42d56 -> 
  custom:audio-encoder-webm-vorbis: bf7c407c2cedff20999df2af8eb42d56 -> 
========================================================================
Received Import Request.
  Time since last request: 241.160054 seconds.
  path: Assets/Scenes/Story4-Chronic_Pain.unity
  artifactKey: Guid(d4a5d4475a4fb40c9b4fd237d6f81cf5) Importer(815301076,1909f56bfc062723c751e8b465ee728b)
Start importing Assets/Scenes/Story4-Chronic_Pain.unity using Guid(d4a5d4475a4fb40c9b4fd237d6f81cf5) Importer(815301076,1909f56bfc062723c751e8b465ee728b)  -> (artifact id: 'd406bfdf94bb9fdf96afbd6beabd24fb') in 0.008443 seconds 
========================================================================
Received Import Request.
  Time since last request: 12.481043 seconds.
  path: Assets/Scenes/Story2-Substance_Abuse.unity
  artifactKey: Guid(9c79e3d32d6c2964b876ab068a3b2098) Importer(815301076,1909f56bfc062723c751e8b465ee728b)
Start importing Assets/Scenes/Story2-Substance_Abuse.unity using Guid(9c79e3d32d6c2964b876ab068a3b2098) Importer(815301076,1909f56bfc062723c751e8b465ee728b)  -> (artifact id: '0af9464710bc2452c74963b2b5575992') in 0.001547 seconds 
========================================================================
Received Prepare
Registering precompiled user dll's ...
Registered in 0.001998 seconds.
Begin MonoManager ReloadAssembly
Native extension for OSXStandalone target not found
Refreshing native plugins compatible for Editor in 0.83 ms, found 3 plugins.
Preloading 0 native plugins for Editor in 0.00 ms.
Mono: successfully reloaded assembly
- Completed reload, in  1.576 seconds
Domain Reload Profiling:
	ReloadAssembly (1576ms)
		BeginReloadAssembly (166ms)
			ExecutionOrderSort (0ms)
			DisableScriptedObjects (9ms)
			BackupInstance (0ms)
			ReleaseScriptingObjects (0ms)
			CreateAndSetChildDomain (93ms)
		EndReloadAssembly (1323ms)
			LoadAssemblies (94ms)
			RebuildTransferFunctionScriptingTraits (0ms)
			SetupTypeCache (515ms)
			ReleaseScriptCaches (1ms)
			RebuildScriptCaches (78ms)
			SetupLoadedEditorAssemblies (471ms)
				LogAssemblyErrors (0ms)
				InitializePlatformSupportModulesInManaged (5ms)
				SetLoadedEditorAssemblies (1ms)
				RefreshPlugins (1ms)
				BeforeProcessingInitializeOnLoad (134ms)
				ProcessInitializeOnLoadAttributes (303ms)
				ProcessInitializeOnLoadMethodAttributes (25ms)
				AfterProcessingInitializeOnLoad (2ms)
				EditorAssembliesLoaded (0ms)
			ExecutionOrderSort2 (0ms)
			AwakeInstancesAfterBackupRestoration (6ms)
Platform modules already initialized, skipping
Refreshing native plugins compatible for Editor in 0.82 ms, found 3 plugins.
Preloading 0 native plugins for Editor in 0.00 ms.
Unloading 2593 Unused Serialized files (Serialized files now loaded: 0)
System memory in use before: 261.5 MB.
System memory in use after: 261.7 MB.

Unloading 26 unused Assets to reduce memory usage. Loaded Objects now: 3133.
Total: 4.521817 ms (FindLiveObjects: 0.355848 ms CreateObjectMapping: 0.295198 ms MarkObjects: 3.840278 ms  DeleteObjects: 0.029578 ms)

AssetImportParameters requested are different than current active one (requested -> active):
  custom:video-decoder-ogg-theora: a1e56fd34408186e4bbccfd4996cb3dc -> 
  custom:container-muxer-webm: aa71ff27fc2769a1b78a27578f13a17b -> 
  custom:container-demuxer-webm: 4f35f7cbe854078d1ac9338744f61a02 -> 
  custom:container-demuxer-ogg: 62fdf1f143b41e24485cea50d1cbac27 -> 
  custom:video-encoder-webm-vp8: eb34c28f22e8b96e1ab97ce403110664 -> 
  custom:framework-osx-AVFoundation: e770b220cccbd017edd2c1fefb359320 -> 
  custom:video-decoder-webm-vp8: 9c59270c3fd7afecdb556c50c9e8de78 -> 
  custom:audio-decoder-ogg-vorbis: bf7c407c2cedff20999df2af8eb42d56 -> 
  custom:audio-encoder-webm-vorbis: bf7c407c2cedff20999df2af8eb42d56 -> 
========================================================================
Received Prepare
Registering precompiled user dll's ...
Registered in 0.002046 seconds.
Begin MonoManager ReloadAssembly
Native extension for OSXStandalone target not found
Refreshing native plugins compatible for Editor in 0.85 ms, found 3 plugins.
Preloading 0 native plugins for Editor in 0.00 ms.
Mono: successfully reloaded assembly
- Completed reload, in  1.651 seconds
Domain Reload Profiling:
	ReloadAssembly (1651ms)
		BeginReloadAssembly (185ms)
			ExecutionOrderSort (0ms)
			DisableScriptedObjects (10ms)
			BackupInstance (0ms)
			ReleaseScriptingObjects (0ms)
			CreateAndSetChildDomain (103ms)
		EndReloadAssembly (1370ms)
			LoadAssemblies (105ms)
			RebuildTransferFunctionScriptingTraits (0ms)
			SetupTypeCache (544ms)
			ReleaseScriptCaches (1ms)
			RebuildScriptCaches (81ms)
			SetupLoadedEditorAssemblies (473ms)
				LogAssemblyErrors (0ms)
				InitializePlatformSupportModulesInManaged (5ms)
				SetLoadedEditorAssemblies (1ms)
				RefreshPlugins (1ms)
				BeforeProcessingInitializeOnLoad (146ms)
				ProcessInitializeOnLoadAttributes (296ms)
				ProcessInitializeOnLoadMethodAttributes (22ms)
				AfterProcessingInitializeOnLoad (2ms)
				EditorAssembliesLoaded (0ms)
			ExecutionOrderSort2 (0ms)
			AwakeInstancesAfterBackupRestoration (6ms)
Platform modules already initialized, skipping
Refreshing native plugins compatible for Editor in 0.78 ms, found 3 plugins.
Preloading 0 native plugins for Editor in 0.00 ms.
Unloading 2593 Unused Serialized files (Serialized files now loaded: 0)
System memory in use before: 261.7 MB.
System memory in use after: 261.9 MB.

Unloading 26 unused Assets to reduce memory usage. Loaded Objects now: 3136.
Total: 4.472037 ms (FindLiveObjects: 0.457030 ms CreateObjectMapping: 0.358819 ms MarkObjects: 3.613350 ms  DeleteObjects: 0.041467 ms)

AssetImportParameters requested are different than current active one (requested -> active):
  custom:video-decoder-ogg-theora: a1e56fd34408186e4bbccfd4996cb3dc -> 
  custom:container-muxer-webm: aa71ff27fc2769a1b78a27578f13a17b -> 
  custom:container-demuxer-webm: 4f35f7cbe854078d1ac9338744f61a02 -> 
  custom:container-demuxer-ogg: 62fdf1f143b41e24485cea50d1cbac27 -> 
  custom:video-encoder-webm-vp8: eb34c28f22e8b96e1ab97ce403110664 -> 
  custom:framework-osx-AVFoundation: e770b220cccbd017edd2c1fefb359320 -> 
  custom:video-decoder-webm-vp8: 9c59270c3fd7afecdb556c50c9e8de78 -> 
  custom:audio-decoder-ogg-vorbis: bf7c407c2cedff20999df2af8eb42d56 -> 
  custom:audio-encoder-webm-vorbis: bf7c407c2cedff20999df2af8eb42d56 -> 
========================================================================
Received Prepare
Registering precompiled user dll's ...
Registered in 0.002338 seconds.
Begin MonoManager ReloadAssembly
Native extension for OSXStandalone target not found
Refreshing native plugins compatible for Editor in 0.91 ms, found 3 plugins.
Preloading 0 native plugins for Editor in 0.00 ms.
Mono: successfully reloaded assembly
- Completed reload, in  1.565 seconds
Domain Reload Profiling:
	ReloadAssembly (1566ms)
		BeginReloadAssembly (170ms)
			ExecutionOrderSort (0ms)
			DisableScriptedObjects (9ms)
			BackupInstance (0ms)
			ReleaseScriptingObjects (0ms)
			CreateAndSetChildDomain (93ms)
		EndReloadAssembly (1312ms)
			LoadAssemblies (93ms)
			RebuildTransferFunctionScriptingTraits (0ms)
			SetupTypeCache (492ms)
			ReleaseScriptCaches (2ms)
			RebuildScriptCaches (84ms)
			SetupLoadedEditorAssemblies (470ms)
				LogAssemblyErrors (0ms)
				InitializePlatformSupportModulesInManaged (5ms)
				SetLoadedEditorAssemblies (1ms)
				RefreshPlugins (1ms)
				BeforeProcessingInitializeOnLoad (138ms)
				ProcessInitializeOnLoadAttributes (298ms)
				ProcessInitializeOnLoadMethodAttributes (26ms)
				AfterProcessingInitializeOnLoad (2ms)
				EditorAssembliesLoaded (0ms)
			ExecutionOrderSort2 (0ms)
			AwakeInstancesAfterBackupRestoration (6ms)
Platform modules already initialized, skipping
Refreshing native plugins compatible for Editor in 0.85 ms, found 3 plugins.
Preloading 0 native plugins for Editor in 0.00 ms.
Unloading 2593 Unused Serialized files (Serialized files now loaded: 0)
System memory in use before: 261.9 MB.
System memory in use after: 262.1 MB.

Unloading 26 unused Assets to reduce memory usage. Loaded Objects now: 3139.
Total: 4.613560 ms (FindLiveObjects: 0.342157 ms CreateObjectMapping: 0.129408 ms MarkObjects: 4.109607 ms  DeleteObjects: 0.031400 ms)

AssetImportParameters requested are different than current active one (requested -> active):
  custom:video-decoder-ogg-theora: a1e56fd34408186e4bbccfd4996cb3dc -> 
  custom:container-muxer-webm: aa71ff27fc2769a1b78a27578f13a17b -> 
  custom:container-demuxer-webm: 4f35f7cbe854078d1ac9338744f61a02 -> 
  custom:container-demuxer-ogg: 62fdf1f143b41e24485cea50d1cbac27 -> 
  custom:video-encoder-webm-vp8: eb34c28f22e8b96e1ab97ce403110664 -> 
  custom:framework-osx-AVFoundation: e770b220cccbd017edd2c1fefb359320 -> 
  custom:video-decoder-webm-vp8: 9c59270c3fd7afecdb556c50c9e8de78 -> 
  custom:audio-decoder-ogg-vorbis: bf7c407c2cedff20999df2af8eb42d56 -> 
  custom:audio-encoder-webm-vorbis: bf7c407c2cedff20999df2af8eb42d56 -> 
========================================================================
Received Prepare
Registering precompiled user dll's ...
Registered in 0.002276 seconds.
Begin MonoManager ReloadAssembly
Native extension for OSXStandalone target not found
Refreshing native plugins compatible for Editor in 0.94 ms, found 3 plugins.
Preloading 0 native plugins for Editor in 0.00 ms.
Mono: successfully reloaded assembly
- Completed reload, in  1.683 seconds
Domain Reload Profiling:
	ReloadAssembly (1683ms)
		BeginReloadAssembly (184ms)
			ExecutionOrderSort (0ms)
			DisableScriptedObjects (9ms)
			BackupInstance (0ms)
			ReleaseScriptingObjects (0ms)
			CreateAndSetChildDomain (104ms)
		EndReloadAssembly (1408ms)
			LoadAssemblies (102ms)
			RebuildTransferFunctionScriptingTraits (0ms)
			SetupTypeCache (554ms)
			ReleaseScriptCaches (2ms)
			RebuildScriptCaches (81ms)
			SetupLoadedEditorAssemblies (496ms)
				LogAssemblyErrors (0ms)
				InitializePlatformSupportModulesInManaged (6ms)
				SetLoadedEditorAssemblies (1ms)
				RefreshPlugins (1ms)
				BeforeProcessingInitializeOnLoad (146ms)
				ProcessInitializeOnLoadAttributes (317ms)
				ProcessInitializeOnLoadMethodAttributes (24ms)
				AfterProcessingInitializeOnLoad (2ms)
				EditorAssembliesLoaded (0ms)
			ExecutionOrderSort2 (0ms)
			AwakeInstancesAfterBackupRestoration (6ms)
Platform modules already initialized, skipping
Refreshing native plugins compatible for Editor in 0.86 ms, found 3 plugins.
Preloading 0 native plugins for Editor in 0.00 ms.
Unloading 2593 Unused Serialized files (Serialized files now loaded: 0)
System memory in use before: 262.1 MB.
System memory in use after: 262.3 MB.

Unloading 26 unused Assets to reduce memory usage. Loaded Objects now: 3142.
Total: 4.066631 ms (FindLiveObjects: 0.253161 ms CreateObjectMapping: 0.128043 ms MarkObjects: 3.659367 ms  DeleteObjects: 0.025276 ms)

AssetImportParameters requested are different than current active one (requested -> active):
  custom:video-decoder-ogg-theora: a1e56fd34408186e4bbccfd4996cb3dc -> 
  custom:container-muxer-webm: aa71ff27fc2769a1b78a27578f13a17b -> 
  custom:container-demuxer-webm: 4f35f7cbe854078d1ac9338744f61a02 -> 
  custom:container-demuxer-ogg: 62fdf1f143b41e24485cea50d1cbac27 -> 
  custom:video-encoder-webm-vp8: eb34c28f22e8b96e1ab97ce403110664 -> 
  custom:framework-osx-AVFoundation: e770b220cccbd017edd2c1fefb359320 -> 
  custom:video-decoder-webm-vp8: 9c59270c3fd7afecdb556c50c9e8de78 -> 
  custom:audio-decoder-ogg-vorbis: bf7c407c2cedff20999df2af8eb42d56 -> 
  custom:audio-encoder-webm-vorbis: bf7c407c2cedff20999df2af8eb42d56 -> 
========================================================================
Received Import Request.
  Time since last request: 937.986849 seconds.
  path: Assets/Scenes/Story3-BPD.unity
  artifactKey: Guid(d2f1d1e269db40a4299e300f82f57f4a) Importer(815301076,1909f56bfc062723c751e8b465ee728b)
Start importing Assets/Scenes/Story3-BPD.unity using Guid(d2f1d1e269db40a4299e300f82f57f4a) Importer(815301076,1909f56bfc062723c751e8b465ee728b)  -> (artifact id: 'afb9ebfc952753f009c43d497fdaf204') in 0.008548 seconds 
========================================================================
Received Import Request.
  Time since last request: 39.885099 seconds.
  path: Assets/Assets/UI/Input/Tiles/tile_0199.png
  artifactKey: Guid(fcc5500ce550f7e43979823960252b0d) Importer(815301076,1909f56bfc062723c751e8b465ee728b)
Start importing Assets/Assets/UI/Input/Tiles/tile_0199.png using Guid(fcc5500ce550f7e43979823960252b0d) Importer(815301076,1909f56bfc062723c751e8b465ee728b)  -> (artifact id: 'cba2dbaef95dfac5e372287ee1cf0dfa') in 0.159975 seconds 
========================================================================
Received Import Request.
  Time since last request: 0.000244 seconds.
  path: Assets/Assets/UI/Input/Tiles/tile_0211.png
  artifactKey: Guid(947725f470519f04395581c2994587f9) Importer(815301076,1909f56bfc062723c751e8b465ee728b)
Start importing Assets/Assets/UI/Input/Tiles/tile_0211.png using Guid(947725f470519f04395581c2994587f9) Importer(815301076,1909f56bfc062723c751e8b465ee728b)  -> (artifact id: 'e2b3c9afdc879625ba4184fbda27b390') in 0.013098 seconds 
========================================================================
Received Import Request.
  Time since last request: 0.000287 seconds.
  path: Assets/Assets/UI/Input/Tiles/tile_0200.png
  artifactKey: Guid(5bf9cc843f47c1042b572ba3b19bb6f3) Importer(815301076,1909f56bfc062723c751e8b465ee728b)
Start importing Assets/Assets/UI/Input/Tiles/tile_0200.png using Guid(5bf9cc843f47c1042b572ba3b19bb6f3) Importer(815301076,1909f56bfc062723c751e8b465ee728b)  -> (artifact id: '55f9f276a2cae5e4a93e04e8f5ce1736') in 0.019840 seconds 
========================================================================
Received Import Request.
  Time since last request: 0.000311 seconds.
  path: Assets/Assets/UI/Input/Tiles/tile_0218.png
  artifactKey: Guid(be479f7ecc931734e875b5b87ec6561e) Importer(815301076,1909f56bfc062723c751e8b465ee728b)
Start importing Assets/Assets/UI/Input/Tiles/tile_0218.png using Guid(be479f7ecc931734e875b5b87ec6561e) Importer(815301076,1909f56bfc062723c751e8b465ee728b)  -> (artifact id: '375e88d150d0b26f3bb7b4c822a97561') in 0.011832 seconds 
========================================================================
Received Import Request.
  Time since last request: 0.000404 seconds.
  path: Assets/Assets/UI/Input/Tiles/tile_0221.png
  artifactKey: Guid(513cd6b79e5b0824898718261b538b4b) Importer(815301076,1909f56bfc062723c751e8b465ee728b)
Start importing Assets/Assets/UI/Input/Tiles/tile_0221.png using Guid(513cd6b79e5b0824898718261b538b4b) Importer(815301076,1909f56bfc062723c751e8b465ee728b)  -> (artifact id: 'aa07824ef31b3a981cab31a0ce0ecca7') in 0.011396 seconds 
========================================================================
Received Import Request.
  Time since last request: 0.000502 seconds.
  path: Assets/Assets/UI/Input/Tiles/tile_0215.png
  artifactKey: Guid(9b2a6edacf66fe04cb36fbce0f8997c4) Importer(815301076,1909f56bfc062723c751e8b465ee728b)
Start importing Assets/Assets/UI/Input/Tiles/tile_0215.png using Guid(9b2a6edacf66fe04cb36fbce0f8997c4) Importer(815301076,1909f56bfc062723c751e8b465ee728b)  -> (artifact id: '5dc360b8974a8507e1af17c7d6c168ab') in 0.014136 seconds 
========================================================================
Received Import Request.
  Time since last request: 0.000306 seconds.
  path: Assets/Assets/UI/Input/Tiles/tile_0226.png
  artifactKey: Guid(db7c2726f21b2c447823fb1aa8ca2afc) Importer(815301076,1909f56bfc062723c751e8b465ee728b)
Start importing Assets/Assets/UI/Input/Tiles/tile_0226.png using Guid(db7c2726f21b2c447823fb1aa8ca2afc) Importer(815301076,1909f56bfc062723c751e8b465ee728b)  -> (artifact id: '8bcd8041c11b889be291bef2b2d82e03') in 0.011280 seconds 
========================================================================
Received Import Request.
  Time since last request: 0.000234 seconds.
  path: Assets/Assets/UI/Input/Tiles/tile_0217.png
  artifactKey: Guid(6738ad4859dee5c489f030102b96a105) Importer(815301076,1909f56bfc062723c751e8b465ee728b)
Start importing Assets/Assets/UI/Input/Tiles/tile_0217.png using Guid(6738ad4859dee5c489f030102b96a105) Importer(815301076,1909f56bfc062723c751e8b465ee728b)  -> (artifact id: '7e2de05ecce948dcedb83359813ac29d') in 0.013047 seconds 
========================================================================
Received Import Request.
  Time since last request: 0.000282 seconds.
  path: Assets/Assets/UI/Input/Tiles/tile_0220.png
  artifactKey: Guid(6c8ea1c8fd02cf54eb68204148ac0687) Importer(815301076,1909f56bfc062723c751e8b465ee728b)
Start importing Assets/Assets/UI/Input/Tiles/tile_0220.png using Guid(6c8ea1c8fd02cf54eb68204148ac0687) Importer(815301076,1909f56bfc062723c751e8b465ee728b)  -> (artifact id: '28f6185d92984c853750c202d2e44f93') in 0.012444 seconds 
========================================================================
Received Import Request.
  Time since last request: 0.000503 seconds.
  path: Assets/Assets/UI/Input/Tiles/tile_0216.png
  artifactKey: Guid(e6c24d59407131a49824821c62ed782f) Importer(815301076,1909f56bfc062723c751e8b465ee728b)
Start importing Assets/Assets/UI/Input/Tiles/tile_0216.png using Guid(e6c24d59407131a49824821c62ed782f) Importer(815301076,1909f56bfc062723c751e8b465ee728b)  -> (artifact id: 'eb78146ed094ece3095eee46ab100ca0') in 0.015451 seconds 
========================================================================
Received Import Request.
  Time since last request: 0.000641 seconds.
  path: Assets/Assets/UI/Input/Tiles/tile_0210.png
  artifactKey: Guid(9cb7f61ea53dcd34a975252d27b153fd) Importer(815301076,1909f56bfc062723c751e8b465ee728b)
Start importing Assets/Assets/UI/Input/Tiles/tile_0210.png using Guid(9cb7f61ea53dcd34a975252d27b153fd) Importer(815301076,1909f56bfc062723c751e8b465ee728b)  -> (artifact id: '0036c94f267fd763c866986a0a0fb517') in 0.013366 seconds 
========================================================================
Received Import Request.
  Time since last request: 0.000264 seconds.
  path: Assets/Assets/UI/Input/Tiles/tile_0223.png
  artifactKey: Guid(0cf967c3eb5ec9041b051fc3f2971c72) Importer(815301076,1909f56bfc062723c751e8b465ee728b)
Start importing Assets/Assets/UI/Input/Tiles/tile_0223.png using Guid(0cf967c3eb5ec9041b051fc3f2971c72) Importer(815301076,1909f56bfc062723c751e8b465ee728b)  -> (artifact id: '89082a9d2c4405e11aff1377bc36738a') in 0.014917 seconds 
========================================================================
Received Import Request.
  Time since last request: 0.000283 seconds.
  path: Assets/Assets/UI/Input/Tiles/tile_0213.png
  artifactKey: Guid(f33c805ff832b28419d28771b9e637f5) Importer(815301076,1909f56bfc062723c751e8b465ee728b)
Start importing Assets/Assets/UI/Input/Tiles/tile_0213.png using Guid(f33c805ff832b28419d28771b9e637f5) Importer(815301076,1909f56bfc062723c751e8b465ee728b)  -> (artifact id: '9a963df0cbeb4a378518adbfcd609c7d') in 0.012519 seconds 
========================================================================
Received Import Request.
  Time since last request: 0.000397 seconds.
  path: Assets/Assets/UI/Input/Tiles/tile_0228.png
  artifactKey: Guid(51bb216c4e6c8324499b20855ce8f10e) Importer(815301076,1909f56bfc062723c751e8b465ee728b)
Start importing Assets/Assets/UI/Input/Tiles/tile_0228.png using Guid(51bb216c4e6c8324499b20855ce8f10e) Importer(815301076,1909f56bfc062723c751e8b465ee728b)  -> (artifact id: '51dac8f294a2eb8fb34a95b0d4bef687') in 0.011738 seconds 
========================================================================
Received Import Request.
  Time since last request: 0.000289 seconds.
  path: Assets/Assets/UI/Input/Tiles/tile_0230.png
  artifactKey: Guid(025b608639e2e514d85050db77741e11) Importer(815301076,1909f56bfc062723c751e8b465ee728b)
Start importing Assets/Assets/UI/Input/Tiles/tile_0230.png using Guid(025b608639e2e514d85050db77741e11) Importer(815301076,1909f56bfc062723c751e8b465ee728b)  -> (artifact id: '4bd1e4a2b7abd092cad0e55e25ff4eb8') in 0.013444 seconds 
========================================================================
Received Import Request.
  Time since last request: 0.000241 seconds.
  path: Assets/Assets/UI/Input/Tiles/tile_0227.png
  artifactKey: Guid(892a87eafd5b9e14bbfa43ca74f8b817) Importer(815301076,1909f56bfc062723c751e8b465ee728b)
Start importing Assets/Assets/UI/Input/Tiles/tile_0227.png using Guid(892a87eafd5b9e14bbfa43ca74f8b817) Importer(815301076,1909f56bfc062723c751e8b465ee728b)  -> (artifact id: '42a0462f79c13a6d4c8ff7a4f83ab3b3') in 0.015377 seconds 
========================================================================
Received Import Request.
  Time since last request: 0.000280 seconds.
  path: Assets/Assets/UI/Input/Tiles/tile_0208.png
  artifactKey: Guid(c10e83ddf11960840b1e48f5bd4f5b75) Importer(815301076,1909f56bfc062723c751e8b465ee728b)
Start importing Assets/Assets/UI/Input/Tiles/tile_0208.png using Guid(c10e83ddf11960840b1e48f5bd4f5b75) Importer(815301076,1909f56bfc062723c751e8b465ee728b)  -> (artifact id: '356c8587d779eceb083b4e628258dbbd') in 0.023239 seconds 
========================================================================
Received Import Request.
  Time since last request: 0.000305 seconds.
  path: Assets/Assets/UI/Input/Tiles/tile_0229.png
  artifactKey: Guid(75f583ac8535dc740bd55058c71fac90) Importer(815301076,1909f56bfc062723c751e8b465ee728b)
Start importing Assets/Assets/UI/Input/Tiles/tile_0229.png using Guid(75f583ac8535dc740bd55058c71fac90) Importer(815301076,1909f56bfc062723c751e8b465ee728b)  -> (artifact id: '800895d2272fd5a99cdbf0dbadc3f13e') in 0.016701 seconds 
========================================================================
Received Import Request.
  Time since last request: 0.000293 seconds.
  path: Assets/Assets/UI/Input/Tiles/tile_0212.png
  artifactKey: Guid(96b7d0c77565e8e4c8f8a48e0f9377ee) Importer(815301076,1909f56bfc062723c751e8b465ee728b)
Start importing Assets/Assets/UI/Input/Tiles/tile_0212.png using Guid(96b7d0c77565e8e4c8f8a48e0f9377ee) Importer(815301076,1909f56bfc062723c751e8b465ee728b)  -> (artifact id: 'c1d3139c845a8b431ddec08f08f5a4c2') in 0.014242 seconds 
========================================================================
Received Import Request.
  Time since last request: 0.000371 seconds.
  path: Assets/Assets/UI/Input/Tiles/tile_0201.png
  artifactKey: Guid(6d3b3470995663a449bbd5150365513e) Importer(815301076,1909f56bfc062723c751e8b465ee728b)
Start importing Assets/Assets/UI/Input/Tiles/tile_0201.png using Guid(6d3b3470995663a449bbd5150365513e) Importer(815301076,1909f56bfc062723c751e8b465ee728b)  -> (artifact id: '9c03a81547bef838ac631152e6a92499') in 0.014861 seconds 
========================================================================
Received Import Request.
  Time since last request: 0.000270 seconds.
  path: Assets/Assets/UI/Input/Tiles/tile_0203.png
  artifactKey: Guid(32ceea6919e2e094883abedadb895b14) Importer(815301076,1909f56bfc062723c751e8b465ee728b)
Start importing Assets/Assets/UI/Input/Tiles/tile_0203.png using Guid(32ceea6919e2e094883abedadb895b14) Importer(815301076,1909f56bfc062723c751e8b465ee728b)  -> (artifact id: 'caa4d662c3df08c32de24bdc444e018b') in 0.013659 seconds 
========================================================================
Received Import Request.
  Time since last request: 0.000367 seconds.
  path: Assets/Assets/UI/Input/Tiles/tile_0225.png
  artifactKey: Guid(db18c89fb2227a541b910c97235ec801) Importer(815301076,1909f56bfc062723c751e8b465ee728b)
Start importing Assets/Assets/UI/Input/Tiles/tile_0225.png using Guid(db18c89fb2227a541b910c97235ec801) Importer(815301076,1909f56bfc062723c751e8b465ee728b)  -> (artifact id: 'f4802cfae81a9475c830f168e14a837a') in 0.011516 seconds 
========================================================================
Received Import Request.
  Time since last request: 0.000322 seconds.
  path: Assets/Assets/UI/Input/Tiles/tile_0224.png
  artifactKey: Guid(7324c00ef0d1f2c469e457a68967c514) Importer(815301076,1909f56bfc062723c751e8b465ee728b)
Start importing Assets/Assets/UI/Input/Tiles/tile_0224.png using Guid(7324c00ef0d1f2c469e457a68967c514) Importer(815301076,1909f56bfc062723c751e8b465ee728b)  -> (artifact id: 'fff4826a87e95f3c47d6b4341ca96489') in 0.012319 seconds 
========================================================================
Received Import Request.
  Time since last request: 0.000245 seconds.
  path: Assets/Assets/UI/Input/Tiles/tile_0219.png
  artifactKey: Guid(c3ab51faf5845354f83b8e1cd7a4c3f2) Importer(815301076,1909f56bfc062723c751e8b465ee728b)
Start importing Assets/Assets/UI/Input/Tiles/tile_0219.png using Guid(c3ab51faf5845354f83b8e1cd7a4c3f2) Importer(815301076,1909f56bfc062723c751e8b465ee728b)  -> (artifact id: '2e3af5ed94be2d04d5db9409e3b255f2') in 0.012860 seconds 
========================================================================
Received Import Request.
  Time since last request: 0.000333 seconds.
  path: Assets/Assets/UI/Input/Tiles/tile_0202.png
  artifactKey: Guid(14a53f76f585ed347ba67ce122ac590a) Importer(815301076,1909f56bfc062723c751e8b465ee728b)
Start importing Assets/Assets/UI/Input/Tiles/tile_0202.png using Guid(14a53f76f585ed347ba67ce122ac590a) Importer(815301076,1909f56bfc062723c751e8b465ee728b)  -> (artifact id: '7c86e2d8d45ebeb66de5a9178881ec30') in 0.024161 seconds 
========================================================================
Received Import Request.
  Time since last request: 0.000453 seconds.
  path: Assets/Assets/UI/Input/Tiles/tile_0205.png
  artifactKey: Guid(2b31191eec774e74189e6a001ec6d0f7) Importer(815301076,1909f56bfc062723c751e8b465ee728b)
Start importing Assets/Assets/UI/Input/Tiles/tile_0205.png using Guid(2b31191eec774e74189e6a001ec6d0f7) Importer(815301076,1909f56bfc062723c751e8b465ee728b)  -> (artifact id: '75a0ce8e002eb5f8d82033ba0ec17b8d') in 0.016195 seconds 
========================================================================
Received Import Request.
  Time since last request: 0.000265 seconds.
  path: Assets/Assets/UI/Input/Tiles/tile_0207.png
  artifactKey: Guid(be58c798d95daef44ab3d1f58e6a9ed0) Importer(815301076,1909f56bfc062723c751e8b465ee728b)
Start importing Assets/Assets/UI/Input/Tiles/tile_0207.png using Guid(be58c798d95daef44ab3d1f58e6a9ed0) Importer(815301076,1909f56bfc062723c751e8b465ee728b)  -> (artifact id: 'a1e3b9d9d4db189763adfe04dabc7591') in 0.016558 seconds 
========================================================================
Received Import Request.
  Time since last request: 0.000334 seconds.
  path: Assets/Assets/UI/Input/Tiles/tile_0222.png
  artifactKey: Guid(d4c5fe5cee6049444b44a4ef2e0992c4) Importer(815301076,1909f56bfc062723c751e8b465ee728b)
Start importing Assets/Assets/UI/Input/Tiles/tile_0222.png using Guid(d4c5fe5cee6049444b44a4ef2e0992c4) Importer(815301076,1909f56bfc062723c751e8b465ee728b)  -> (artifact id: '17259e5012116133f4accfdf83dbf5e1') in 0.015326 seconds 
========================================================================
Received Import Request.
  Time since last request: 0.000368 seconds.
  path: Assets/Assets/UI/Input/Tiles/tile_0206.png
  artifactKey: Guid(23f04411620d09d4ebe7399f3e2fd61c) Importer(815301076,1909f56bfc062723c751e8b465ee728b)
Start importing Assets/Assets/UI/Input/Tiles/tile_0206.png using Guid(23f04411620d09d4ebe7399f3e2fd61c) Importer(815301076,1909f56bfc062723c751e8b465ee728b)  -> (artifact id: '16220d7763783fe1e8fe3bcef466a912') in 0.011826 seconds 
========================================================================
Received Import Request.
  Time since last request: 0.000747 seconds.
  path: Assets/Assets/UI/Input/Tiles/tile_0214.png
  artifactKey: Guid(ecf57c517fc8af54dbf86f95f00c40b8) Importer(815301076,1909f56bfc062723c751e8b465ee728b)
Start importing Assets/Assets/UI/Input/Tiles/tile_0214.png using Guid(ecf57c517fc8af54dbf86f95f00c40b8) Importer(815301076,1909f56bfc062723c751e8b465ee728b)  -> (artifact id: 'f82912e1136853df53aad6a7f62c454e') in 0.015498 seconds 
========================================================================
Received Import Request.
  Time since last request: 0.000285 seconds.
  path: Assets/Assets/UI/Input/Tiles/tile_0209.png
  artifactKey: Guid(71e575ef33b024e48b77f76a610ff998) Importer(815301076,1909f56bfc062723c751e8b465ee728b)
Start importing Assets/Assets/UI/Input/Tiles/tile_0209.png using Guid(71e575ef33b024e48b77f76a610ff998) Importer(815301076,1909f56bfc062723c751e8b465ee728b)  -> (artifact id: '67a3680d6b43c1c54192c165512e443d') in 0.010985 seconds 
========================================================================
Received Import Request.
  Time since last request: 0.000631 seconds.
  path: Assets/Assets/UI/Input/Tiles/tile_0204.png
  artifactKey: Guid(0788554cfe837a942a9159bac9544214) Importer(815301076,1909f56bfc062723c751e8b465ee728b)
Start importing Assets/Assets/UI/Input/Tiles/tile_0204.png using Guid(0788554cfe837a942a9159bac9544214) Importer(815301076,1909f56bfc062723c751e8b465ee728b)  -> (artifact id: 'b35af2ed9e150973ec819b9a7f5effcf') in 0.011322 seconds 
========================================================================
Received Prepare
Registering precompiled user dll's ...
Registered in 0.001986 seconds.
Begin MonoManager ReloadAssembly
Native extension for OSXStandalone target not found
Refreshing native plugins compatible for Editor in 0.92 ms, found 3 plugins.
Preloading 0 native plugins for Editor in 0.00 ms.
Mono: successfully reloaded assembly
- Completed reload, in  1.736 seconds
Domain Reload Profiling:
	ReloadAssembly (1736ms)
		BeginReloadAssembly (177ms)
			ExecutionOrderSort (0ms)
			DisableScriptedObjects (10ms)
			BackupInstance (0ms)
			ReleaseScriptingObjects (0ms)
			CreateAndSetChildDomain (99ms)
		EndReloadAssembly (1466ms)
			LoadAssemblies (101ms)
			RebuildTransferFunctionScriptingTraits (0ms)
			SetupTypeCache (515ms)
			ReleaseScriptCaches (2ms)
			RebuildScriptCaches (95ms)
			SetupLoadedEditorAssemblies (561ms)
				LogAssemblyErrors (0ms)
				InitializePlatformSupportModulesInManaged (6ms)
				SetLoadedEditorAssemblies (1ms)
				RefreshPlugins (1ms)
				BeforeProcessingInitializeOnLoad (165ms)
				ProcessInitializeOnLoadAttributes (359ms)
				ProcessInitializeOnLoadMethodAttributes (27ms)
				AfterProcessingInitializeOnLoad (2ms)
				EditorAssembliesLoaded (0ms)
			ExecutionOrderSort2 (0ms)
			AwakeInstancesAfterBackupRestoration (6ms)
Platform modules already initialized, skipping
Refreshing native plugins compatible for Editor in 0.85 ms, found 3 plugins.
Preloading 0 native plugins for Editor in 0.00 ms.
Unloading 2593 Unused Serialized files (Serialized files now loaded: 0)
System memory in use before: 262.4 MB.
System memory in use after: 262.6 MB.

Unloading 26 unused Assets to reduce memory usage. Loaded Objects now: 3147.
Total: 3.914265 ms (FindLiveObjects: 0.255028 ms CreateObjectMapping: 0.138333 ms MarkObjects: 3.488347 ms  DeleteObjects: 0.031607 ms)

AssetImportParameters requested are different than current active one (requested -> active):
  custom:video-decoder-ogg-theora: a1e56fd34408186e4bbccfd4996cb3dc -> 
  custom:container-muxer-webm: aa71ff27fc2769a1b78a27578f13a17b -> 
  custom:container-demuxer-webm: 4f35f7cbe854078d1ac9338744f61a02 -> 
  custom:container-demuxer-ogg: 62fdf1f143b41e24485cea50d1cbac27 -> 
  custom:video-encoder-webm-vp8: eb34c28f22e8b96e1ab97ce403110664 -> 
  custom:framework-osx-AVFoundation: e770b220cccbd017edd2c1fefb359320 -> 
  custom:video-decoder-webm-vp8: 9c59270c3fd7afecdb556c50c9e8de78 -> 
  custom:audio-decoder-ogg-vorbis: bf7c407c2cedff20999df2af8eb42d56 -> 
  custom:audio-encoder-webm-vorbis: bf7c407c2cedff20999df2af8eb42d56 -> 
========================================================================
Received Prepare
Registering precompiled user dll's ...
Registered in 0.002109 seconds.
Begin MonoManager ReloadAssembly
Native extension for OSXStandalone target not found
Refreshing native plugins compatible for Editor in 0.99 ms, found 3 plugins.
Preloading 0 native plugins for Editor in 0.00 ms.
Mono: successfully reloaded assembly
- Completed reload, in  1.674 seconds
Domain Reload Profiling:
	ReloadAssembly (1675ms)
		BeginReloadAssembly (173ms)
			ExecutionOrderSort (0ms)
			DisableScriptedObjects (9ms)
			BackupInstance (0ms)
			ReleaseScriptingObjects (0ms)
			CreateAndSetChildDomain (100ms)
		EndReloadAssembly (1413ms)
			LoadAssemblies (96ms)
			RebuildTransferFunctionScriptingTraits (0ms)
			SetupTypeCache (523ms)
			ReleaseScriptCaches (2ms)
			RebuildScriptCaches (82ms)
			SetupLoadedEditorAssemblies (510ms)
				LogAssemblyErrors (0ms)
				InitializePlatformSupportModulesInManaged (8ms)
				SetLoadedEditorAssemblies (1ms)
				RefreshPlugins (1ms)
				BeforeProcessingInitializeOnLoad (151ms)
				ProcessInitializeOnLoadAttributes (323ms)
				ProcessInitializeOnLoadMethodAttributes (24ms)
				AfterProcessingInitializeOnLoad (2ms)
				EditorAssembliesLoaded (0ms)
			ExecutionOrderSort2 (0ms)
			AwakeInstancesAfterBackupRestoration (6ms)
Platform modules already initialized, skipping
Refreshing native plugins compatible for Editor in 0.84 ms, found 3 plugins.
Preloading 0 native plugins for Editor in 0.00 ms.
Unloading 2593 Unused Serialized files (Serialized files now loaded: 0)
System memory in use before: 262.6 MB.
System memory in use after: 262.8 MB.

Unloading 26 unused Assets to reduce memory usage. Loaded Objects now: 3150.
Total: 4.423541 ms (FindLiveObjects: 0.207626 ms CreateObjectMapping: 0.281542 ms MarkObjects: 3.906313 ms  DeleteObjects: 0.027120 ms)

AssetImportParameters requested are different than current active one (requested -> active):
  custom:video-decoder-ogg-theora: a1e56fd34408186e4bbccfd4996cb3dc -> 
  custom:container-muxer-webm: aa71ff27fc2769a1b78a27578f13a17b -> 
  custom:container-demuxer-webm: 4f35f7cbe854078d1ac9338744f61a02 -> 
  custom:container-demuxer-ogg: 62fdf1f143b41e24485cea50d1cbac27 -> 
  custom:video-encoder-webm-vp8: eb34c28f22e8b96e1ab97ce403110664 -> 
  custom:framework-osx-AVFoundation: e770b220cccbd017edd2c1fefb359320 -> 
  custom:video-decoder-webm-vp8: 9c59270c3fd7afecdb556c50c9e8de78 -> 
  custom:audio-decoder-ogg-vorbis: bf7c407c2cedff20999df2af8eb42d56 -> 
  custom:audio-encoder-webm-vorbis: bf7c407c2cedff20999df2af8eb42d56 -> 
========================================================================
Received Prepare
Registering precompiled user dll's ...
Registered in 0.002514 seconds.
Begin MonoManager ReloadAssembly
Native extension for OSXStandalone target not found
Refreshing native plugins compatible for Editor in 0.91 ms, found 3 plugins.
Preloading 0 native plugins for Editor in 0.00 ms.
Mono: successfully reloaded assembly
- Completed reload, in  1.634 seconds
Domain Reload Profiling:
	ReloadAssembly (1635ms)
		BeginReloadAssembly (178ms)
			ExecutionOrderSort (0ms)
			DisableScriptedObjects (11ms)
			BackupInstance (0ms)
			ReleaseScriptingObjects (1ms)
			CreateAndSetChildDomain (99ms)
		EndReloadAssembly (1366ms)
			LoadAssemblies (119ms)
			RebuildTransferFunctionScriptingTraits (0ms)
			SetupTypeCache (521ms)
			ReleaseScriptCaches (2ms)
			RebuildScriptCaches (78ms)
			SetupLoadedEditorAssemblies (476ms)
				LogAssemblyErrors (0ms)
				InitializePlatformSupportModulesInManaged (6ms)
				SetLoadedEditorAssemblies (1ms)
				RefreshPlugins (1ms)
				BeforeProcessingInitializeOnLoad (152ms)
				ProcessInitializeOnLoadAttributes (291ms)
				ProcessInitializeOnLoadMethodAttributes (22ms)
				AfterProcessingInitializeOnLoad (2ms)
				EditorAssembliesLoaded (0ms)
			ExecutionOrderSort2 (0ms)
			AwakeInstancesAfterBackupRestoration (6ms)
Platform modules already initialized, skipping
Refreshing native plugins compatible for Editor in 0.81 ms, found 3 plugins.
Preloading 0 native plugins for Editor in 0.00 ms.
Unloading 2593 Unused Serialized files (Serialized files now loaded: 0)
System memory in use before: 262.8 MB.
System memory in use after: 263.0 MB.

Unloading 26 unused Assets to reduce memory usage. Loaded Objects now: 3153.
Total: 4.287214 ms (FindLiveObjects: 0.468047 ms CreateObjectMapping: 0.116824 ms MarkObjects: 3.673725 ms  DeleteObjects: 0.027761 ms)

AssetImportParameters requested are different than current active one (requested -> active):
  custom:video-decoder-ogg-theora: a1e56fd34408186e4bbccfd4996cb3dc -> 
  custom:container-muxer-webm: aa71ff27fc2769a1b78a27578f13a17b -> 
  custom:container-demuxer-webm: 4f35f7cbe854078d1ac9338744f61a02 -> 
  custom:container-demuxer-ogg: 62fdf1f143b41e24485cea50d1cbac27 -> 
  custom:video-encoder-webm-vp8: eb34c28f22e8b96e1ab97ce403110664 -> 
  custom:framework-osx-AVFoundation: e770b220cccbd017edd2c1fefb359320 -> 
  custom:video-decoder-webm-vp8: 9c59270c3fd7afecdb556c50c9e8de78 -> 
  custom:audio-decoder-ogg-vorbis: bf7c407c2cedff20999df2af8eb42d56 -> 
  custom:audio-encoder-webm-vorbis: bf7c407c2cedff20999df2af8eb42d56 -> 
========================================================================
Received Import Request.
  Time since last request: 827.711048 seconds.
  path: Assets/Scenes/MainMenu.unity
  artifactKey: Guid(5bafd6eca4bc2e54a9437a02adb2efdc) Importer(815301076,1909f56bfc062723c751e8b465ee728b)
Start importing Assets/Scenes/MainMenu.unity using Guid(5bafd6eca4bc2e54a9437a02adb2efdc) Importer(815301076,1909f56bfc062723c751e8b465ee728b)  -> (artifact id: '1e7f0c035ddefedd1dc839b5d1765c4d') in 0.008138 seconds 
========================================================================
Received Prepare
Registering precompiled user dll's ...
Registered in 0.002104 seconds.
Begin MonoManager ReloadAssembly
Native extension for OSXStandalone target not found
Refreshing native plugins compatible for Editor in 0.83 ms, found 3 plugins.
Preloading 0 native plugins for Editor in 0.00 ms.
Mono: successfully reloaded assembly
- Completed reload, in  1.662 seconds
Domain Reload Profiling:
	ReloadAssembly (1662ms)
		BeginReloadAssembly (168ms)
			ExecutionOrderSort (0ms)
			DisableScriptedObjects (8ms)
			BackupInstance (0ms)
			ReleaseScriptingObjects (0ms)
			CreateAndSetChildDomain (92ms)
		EndReloadAssembly (1407ms)
			LoadAssemblies (99ms)
			RebuildTransferFunctionScriptingTraits (0ms)
			SetupTypeCache (553ms)
			ReleaseScriptCaches (1ms)
			RebuildScriptCaches (84ms)
			SetupLoadedEditorAssemblies (488ms)
				LogAssemblyErrors (0ms)
				InitializePlatformSupportModulesInManaged (5ms)
				SetLoadedEditorAssemblies (1ms)
				RefreshPlugins (1ms)
				BeforeProcessingInitializeOnLoad (146ms)
				ProcessInitializeOnLoadAttributes (309ms)
				ProcessInitializeOnLoadMethodAttributes (25ms)
				AfterProcessingInitializeOnLoad (2ms)
				EditorAssembliesLoaded (0ms)
			ExecutionOrderSort2 (0ms)
			AwakeInstancesAfterBackupRestoration (7ms)
Platform modules already initialized, skipping
Refreshing native plugins compatible for Editor in 0.82 ms, found 3 plugins.
Preloading 0 native plugins for Editor in 0.00 ms.
Unloading 2593 Unused Serialized files (Serialized files now loaded: 0)
System memory in use before: 263.0 MB.
System memory in use after: 263.2 MB.

Unloading 26 unused Assets to reduce memory usage. Loaded Objects now: 3156.
Total: 4.216891 ms (FindLiveObjects: 0.281378 ms CreateObjectMapping: 0.127214 ms MarkObjects: 3.779056 ms  DeleteObjects: 0.028329 ms)

AssetImportParameters requested are different than current active one (requested -> active):
  custom:video-decoder-ogg-theora: a1e56fd34408186e4bbccfd4996cb3dc -> 
  custom:container-muxer-webm: aa71ff27fc2769a1b78a27578f13a17b -> 
  custom:container-demuxer-webm: 4f35f7cbe854078d1ac9338744f61a02 -> 
  custom:container-demuxer-ogg: 62fdf1f143b41e24485cea50d1cbac27 -> 
  custom:video-encoder-webm-vp8: eb34c28f22e8b96e1ab97ce403110664 -> 
  custom:framework-osx-AVFoundation: e770b220cccbd017edd2c1fefb359320 -> 
  custom:video-decoder-webm-vp8: 9c59270c3fd7afecdb556c50c9e8de78 -> 
  custom:audio-decoder-ogg-vorbis: bf7c407c2cedff20999df2af8eb42d56 -> 
  custom:audio-encoder-webm-vorbis: bf7c407c2cedff20999df2af8eb42d56 -> 
========================================================================
Received Prepare
Registering precompiled user dll's ...
Registered in 0.002182 seconds.
Begin MonoManager ReloadAssembly
Native extension for OSXStandalone target not found
Refreshing native plugins compatible for Editor in 0.80 ms, found 3 plugins.
Preloading 0 native plugins for Editor in 0.00 ms.
Mono: successfully reloaded assembly
- Completed reload, in  1.552 seconds
Domain Reload Profiling:
	ReloadAssembly (1552ms)
		BeginReloadAssembly (178ms)
			ExecutionOrderSort (0ms)
			DisableScriptedObjects (9ms)
			BackupInstance (0ms)
			ReleaseScriptingObjects (0ms)
			CreateAndSetChildDomain (100ms)
		EndReloadAssembly (1291ms)
			LoadAssemblies (101ms)
			RebuildTransferFunctionScriptingTraits (0ms)
			SetupTypeCache (482ms)
			ReleaseScriptCaches (1ms)
			RebuildScriptCaches (77ms)
			SetupLoadedEditorAssemblies (470ms)
				LogAssemblyErrors (0ms)
				InitializePlatformSupportModulesInManaged (5ms)
				SetLoadedEditorAssemblies (1ms)
				RefreshPlugins (1ms)
				BeforeProcessingInitializeOnLoad (140ms)
				ProcessInitializeOnLoadAttributes (300ms)
				ProcessInitializeOnLoadMethodAttributes (22ms)
				AfterProcessingInitializeOnLoad (2ms)
				EditorAssembliesLoaded (0ms)
			ExecutionOrderSort2 (0ms)
			AwakeInstancesAfterBackupRestoration (6ms)
Platform modules already initialized, skipping
Refreshing native plugins compatible for Editor in 0.86 ms, found 3 plugins.
Preloading 0 native plugins for Editor in 0.00 ms.
Unloading 2593 Unused Serialized files (Serialized files now loaded: 0)
System memory in use before: 263.2 MB.
System memory in use after: 263.4 MB.

Unloading 26 unused Assets to reduce memory usage. Loaded Objects now: 3159.
Total: 4.241731 ms (FindLiveObjects: 0.225010 ms CreateObjectMapping: 0.112888 ms MarkObjects: 3.872774 ms  DeleteObjects: 0.030132 ms)

AssetImportParameters requested are different than current active one (requested -> active):
  custom:video-decoder-ogg-theora: a1e56fd34408186e4bbccfd4996cb3dc -> 
  custom:container-muxer-webm: aa71ff27fc2769a1b78a27578f13a17b -> 
  custom:container-demuxer-webm: 4f35f7cbe854078d1ac9338744f61a02 -> 
  custom:container-demuxer-ogg: 62fdf1f143b41e24485cea50d1cbac27 -> 
  custom:video-encoder-webm-vp8: eb34c28f22e8b96e1ab97ce403110664 -> 
  custom:framework-osx-AVFoundation: e770b220cccbd017edd2c1fefb359320 -> 
  custom:video-decoder-webm-vp8: 9c59270c3fd7afecdb556c50c9e8de78 -> 
  custom:audio-decoder-ogg-vorbis: bf7c407c2cedff20999df2af8eb42d56 -> 
  custom:audio-encoder-webm-vorbis: bf7c407c2cedff20999df2af8eb42d56 -> 
========================================================================
Received Prepare
Registering precompiled user dll's ...
Registered in 0.002043 seconds.
Begin MonoManager ReloadAssembly
Native extension for OSXStandalone target not found
Refreshing native plugins compatible for Editor in 0.83 ms, found 3 plugins.
Preloading 0 native plugins for Editor in 0.00 ms.
Mono: successfully reloaded assembly
- Completed reload, in  1.713 seconds
Domain Reload Profiling:
	ReloadAssembly (1714ms)
		BeginReloadAssembly (198ms)
			ExecutionOrderSort (0ms)
			DisableScriptedObjects (10ms)
			BackupInstance (0ms)
			ReleaseScriptingObjects (0ms)
			CreateAndSetChildDomain (110ms)
		EndReloadAssembly (1420ms)
			LoadAssemblies (112ms)
			RebuildTransferFunctionScriptingTraits (0ms)
			SetupTypeCache (535ms)
			ReleaseScriptCaches (2ms)
			RebuildScriptCaches (86ms)
			SetupLoadedEditorAssemblies (512ms)
				LogAssemblyErrors (0ms)
				InitializePlatformSupportModulesInManaged (6ms)
				SetLoadedEditorAssemblies (1ms)
				RefreshPlugins (1ms)
				BeforeProcessingInitializeOnLoad (151ms)
				ProcessInitializeOnLoadAttributes (327ms)
				ProcessInitializeOnLoadMethodAttributes (24ms)
				AfterProcessingInitializeOnLoad (2ms)
				EditorAssembliesLoaded (0ms)
			ExecutionOrderSort2 (0ms)
			AwakeInstancesAfterBackupRestoration (6ms)
Platform modules already initialized, skipping
Refreshing native plugins compatible for Editor in 0.98 ms, found 3 plugins.
Preloading 0 native plugins for Editor in 0.00 ms.
Unloading 2593 Unused Serialized files (Serialized files now loaded: 0)
System memory in use before: 263.4 MB.
System memory in use after: 263.6 MB.

Unloading 26 unused Assets to reduce memory usage. Loaded Objects now: 3162.
Total: 5.745640 ms (FindLiveObjects: 0.786248 ms CreateObjectMapping: 0.356259 ms MarkObjects: 4.547862 ms  DeleteObjects: 0.053860 ms)

AssetImportParameters requested are different than current active one (requested -> active):
  custom:video-decoder-ogg-theora: a1e56fd34408186e4bbccfd4996cb3dc -> 
  custom:container-muxer-webm: aa71ff27fc2769a1b78a27578f13a17b -> 
  custom:container-demuxer-webm: 4f35f7cbe854078d1ac9338744f61a02 -> 
  custom:container-demuxer-ogg: 62fdf1f143b41e24485cea50d1cbac27 -> 
  custom:video-encoder-webm-vp8: eb34c28f22e8b96e1ab97ce403110664 -> 
  custom:framework-osx-AVFoundation: e770b220cccbd017edd2c1fefb359320 -> 
  custom:video-decoder-webm-vp8: 9c59270c3fd7afecdb556c50c9e8de78 -> 
  custom:audio-decoder-ogg-vorbis: bf7c407c2cedff20999df2af8eb42d56 -> 
  custom:audio-encoder-webm-vorbis: bf7c407c2cedff20999df2af8eb42d56 -> 
========================================================================
Received Prepare
Registering precompiled user dll's ...
Registered in 0.004138 seconds.
Begin MonoManager ReloadAssembly
Native extension for OSXStandalone target not found
Refreshing native plugins compatible for Editor in 0.97 ms, found 3 plugins.
Preloading 0 native plugins for Editor in 0.00 ms.
Mono: successfully reloaded assembly
- Completed reload, in  1.859 seconds
Domain Reload Profiling:
	ReloadAssembly (1862ms)
		BeginReloadAssembly (299ms)
			ExecutionOrderSort (0ms)
			DisableScriptedObjects (18ms)
			BackupInstance (0ms)
			ReleaseScriptingObjects (0ms)
			CreateAndSetChildDomain (109ms)
		EndReloadAssembly (1468ms)
			LoadAssemblies (267ms)
			RebuildTransferFunctionScriptingTraits (0ms)
			SetupTypeCache (534ms)
			ReleaseScriptCaches (1ms)
			RebuildScriptCaches (104ms)
			SetupLoadedEditorAssemblies (492ms)
				LogAssemblyErrors (0ms)
				InitializePlatformSupportModulesInManaged (5ms)
				SetLoadedEditorAssemblies (1ms)
				RefreshPlugins (1ms)
				BeforeProcessingInitializeOnLoad (140ms)
				ProcessInitializeOnLoadAttributes (316ms)
				ProcessInitializeOnLoadMethodAttributes (28ms)
				AfterProcessingInitializeOnLoad (2ms)
				EditorAssembliesLoaded (0ms)
			ExecutionOrderSort2 (0ms)
			AwakeInstancesAfterBackupRestoration (6ms)
Platform modules already initialized, skipping
Refreshing native plugins compatible for Editor in 0.87 ms, found 3 plugins.
Preloading 0 native plugins for Editor in 0.00 ms.
Unloading 2593 Unused Serialized files (Serialized files now loaded: 0)
System memory in use before: 263.6 MB.
System memory in use after: 263.8 MB.

Unloading 26 unused Assets to reduce memory usage. Loaded Objects now: 3165.
Total: 5.041258 ms (FindLiveObjects: 0.398037 ms CreateObjectMapping: 0.113730 ms MarkObjects: 4.466889 ms  DeleteObjects: 0.061245 ms)

AssetImportParameters requested are different than current active one (requested -> active):
  custom:video-decoder-ogg-theora: a1e56fd34408186e4bbccfd4996cb3dc -> 
  custom:container-muxer-webm: aa71ff27fc2769a1b78a27578f13a17b -> 
  custom:container-demuxer-webm: 4f35f7cbe854078d1ac9338744f61a02 -> 
  custom:container-demuxer-ogg: 62fdf1f143b41e24485cea50d1cbac27 -> 
  custom:video-encoder-webm-vp8: eb34c28f22e8b96e1ab97ce403110664 -> 
  custom:framework-osx-AVFoundation: e770b220cccbd017edd2c1fefb359320 -> 
  custom:video-decoder-webm-vp8: 9c59270c3fd7afecdb556c50c9e8de78 -> 
  custom:audio-decoder-ogg-vorbis: bf7c407c2cedff20999df2af8eb42d56 -> 
  custom:audio-encoder-webm-vorbis: bf7c407c2cedff20999df2af8eb42d56 -> 
========================================================================
Received Prepare
Registering precompiled user dll's ...
Registered in 0.003131 seconds.
Begin MonoManager ReloadAssembly
Native extension for OSXStandalone target not found
Refreshing native plugins compatible for Editor in 1.21 ms, found 3 plugins.
Preloading 0 native plugins for Editor in 0.00 ms.
Mono: successfully reloaded assembly
- Completed reload, in  3.382 seconds
Domain Reload Profiling:
	ReloadAssembly (3392ms)
		BeginReloadAssembly (551ms)
			ExecutionOrderSort (0ms)
			DisableScriptedObjects (32ms)
			BackupInstance (0ms)
			ReleaseScriptingObjects (0ms)
			CreateAndSetChildDomain (235ms)
		EndReloadAssembly (2698ms)
			LoadAssemblies (375ms)
			RebuildTransferFunctionScriptingTraits (0ms)
			SetupTypeCache (967ms)
			ReleaseScriptCaches (2ms)
			RebuildScriptCaches (153ms)
			SetupLoadedEditorAssemblies (1001ms)
				LogAssemblyErrors (0ms)
				InitializePlatformSupportModulesInManaged (10ms)
				SetLoadedEditorAssemblies (1ms)
				RefreshPlugins (1ms)
				BeforeProcessingInitializeOnLoad (287ms)
				ProcessInitializeOnLoadAttributes (646ms)
				ProcessInitializeOnLoadMethodAttributes (52ms)
				AfterProcessingInitializeOnLoad (4ms)
				EditorAssembliesLoaded (0ms)
			ExecutionOrderSort2 (0ms)
			AwakeInstancesAfterBackupRestoration (14ms)
Platform modules already initialized, skipping
Refreshing native plugins compatible for Editor in 1.37 ms, found 3 plugins.
Preloading 0 native plugins for Editor in 0.00 ms.
Unloading 2593 Unused Serialized files (Serialized files now loaded: 0)
System memory in use before: 264.0 MB.
System memory in use after: 264.2 MB.

Unloading 26 unused Assets to reduce memory usage. Loaded Objects now: 3168.
Total: 8.526008 ms (FindLiveObjects: 0.826113 ms CreateObjectMapping: 0.262117 ms MarkObjects: 7.319519 ms  DeleteObjects: 0.116504 ms)

AssetImportParameters requested are different than current active one (requested -> active):
  custom:video-decoder-ogg-theora: a1e56fd34408186e4bbccfd4996cb3dc -> 
  custom:container-muxer-webm: aa71ff27fc2769a1b78a27578f13a17b -> 
  custom:container-demuxer-webm: 4f35f7cbe854078d1ac9338744f61a02 -> 
  custom:container-demuxer-ogg: 62fdf1f143b41e24485cea50d1cbac27 -> 
  custom:video-encoder-webm-vp8: eb34c28f22e8b96e1ab97ce403110664 -> 
  custom:framework-osx-AVFoundation: e770b220cccbd017edd2c1fefb359320 -> 
  custom:video-decoder-webm-vp8: 9c59270c3fd7afecdb556c50c9e8de78 -> 
  custom:audio-decoder-ogg-vorbis: bf7c407c2cedff20999df2af8eb42d56 -> 
  custom:audio-encoder-webm-vorbis: bf7c407c2cedff20999df2af8eb42d56 -> 
